<html>
<head>
<title>TestNG:  Test</title>
<link href="../testng.css" rel="stylesheet" type="text/css" />
<link href="../my-testng.css" rel="stylesheet" type="text/css" />

<style type="text/css">
.log { display: none;} 
.stack-trace { display: none;} 
</style>
<script type="text/javascript">
<!--
function flip(e) {
  current = e.style.display;
  if (current == 'block') {
    e.style.display = 'none';
    return 0;
  }
  else {
    e.style.display = 'block';
    return 1;
  }
}

function toggleBox(szDivId, elem, msg1, msg2)
{
  var res = -1;  if (document.getElementById) {
    res = flip(document.getElementById(szDivId));
  }
  else if (document.all) {
    // this is the way old msie versions work
    res = flip(document.all[szDivId]);
  }
  if(elem) {
    if(res == 0) elem.innerHTML = msg1; else elem.innerHTML = msg2;
  }

}

function toggleAllBoxes() {
  if (document.getElementsByTagName) {
    d = document.getElementsByTagName('div');
    for (i = 0; i < d.length; i++) {
      if (d[i].className == 'log') {
        flip(d[i]);
      }
    }
  }
}

// -->
</script>

</head>
<body>
<h2 align='center'>Test</h2><table border='1' align="center">
<tr>
<td>Tests passed/Failed/Skipped:</td><td>66/10/0</td>
</tr><tr>
<td>Started on:</td><td>Mon Dec 22 14:15:50 IST 2025</td>
</tr>
<tr><td>Total time:</td><td>543 seconds (543438 ms)</td>
</tr><tr>
<td>Included groups:</td><td></td>
</tr><tr>
<td>Excluded groups:</td><td></td>
</tr>
</table><p/>
<small><i>(Hover the method name to see the test class name)</i></small><p/>
<table width='100%' border='1' class='invocation-failed'>
<tr><td colspan='4' align='center'><b>FAILED TESTS</b></td></tr>
<tr><td><b>Test method</b></td>
<td><b>Attribute(s)</b></td>
<td width="30%"><b>Exception</b></td>
<td width="10%"><b>Time (seconds)</b></td>
<td><b>Instance</b></td>
</tr>
<tr>
<td title='DemoBlazeProject.PlaceOrderTest.multipleOrdersOnRapidClicks()'><b>multipleOrdersOnRapidClicks</b><br>Test class: DemoBlazeProject.PlaceOrderTest</td>
<td><div><pre>org.openqa.selenium.ElementClickInterceptedException: element click intercepted: Element &lt;button type=&quot;button&quot; class=&quot;btn btn-success&quot; data-toggle=&quot;modal&quot; data-target=&quot;#orderModal&quot;&gt;...&lt;/button&gt; is not clickable at point (1093, 151). Other element would receive the click: &lt;div class=&quot;modal fade show&quot; id=&quot;orderModal&quot; tabindex=&quot;-1&quot; role=&quot;dialog&quot; aria-labelledby=&quot;orderModalLabel&quot; style=&quot;display: block;&quot;&gt;...&lt;/div&gt;
  (Session info: chrome=143.0.7499.169)
Build info: version: &apos;4.38.0&apos;, revision: &apos;6b412e825c*&apos;
System info: os.name: &apos;Windows 11&apos;, os.arch: &apos;amd64&apos;, os.version: &apos;10.0&apos;, java.version: &apos;21.0.8&apos;
Driver info: org.openqa.selenium.chrome.ChromeDriver
Command: [2106aede8dc00e6831dd624aee9cc447, clickElement {id=f.C18F905B0F05830F74BFF0735C4CFC35.d.05544F0069D0504D87C6ABB29032FC73.e.309}]
Capabilities {acceptInsecureCerts: false, browserName: chrome, browserVersion: 143.0.7499.169, chrome: {chromedriverVersion: 143.0.7499.169 (164b20aab62..., userDataDir: C:\Users\chris\AppData\Loca...}, fedcm:accounts: true, goog:chromeOptions: {debuggerAddress: localhost:58870}, goog:processID: 45896, networkConnectionEnabled: false, pageLoadStrategy: normal, platformName: windows, proxy: Proxy(), se:cdp: ws://localhost:58870/devtoo..., se:cdpVersion: 143.0.7499.169, setWindowRect: true, strictFileInteractability: false, timeouts: {implicit: 0, pageLoad: 300000, script: 30000}, unhandledPromptBehavior: dismiss and notify, webauthn:extension:credBlob: true, webauthn:extension:largeBlob: true, webauthn:extension:minPinLength: true, webauthn:extension:prf: true, webauthn:virtualAuthenticators: true}
Element: [[ChromeDriver: chrome on windows (2106aede8dc00e6831dd624aee9cc447)] -&gt; xpath: //button[text()=&apos;Place Order&apos;]]
Session ID: 2106aede8dc00e6831dd624aee9cc447
	at org.openqa.selenium.remote.ErrorCodec.decode(ErrorCodec.java:167)
	at org.openqa.selenium.remote.codec.w3c.W3CHttpResponseCodec.decode(W3CHttpResponseCodec.java:138)
	at org.openqa.selenium.remote.codec.w3c.W3CHttpResponseCodec.decode(W3CHttpResponseCodec.java:50)
	at org.openqa.selenium.remote.HttpCommandExecutor.execute(HttpCommandExecutor.java:215)
	at org.openqa.selenium.remote.service.DriverCommandExecutor.invokeExecute(DriverCommandExecutor.java:216)
	at org.openqa.selenium.remote.service.DriverCommandExecutor.execute(DriverCommandExecutor.java:174)
	at org.openqa.selenium.remote.RemoteWebDriver.execute(RemoteWebDriver.java:557)
	at org.openqa.selenium.remote.RemoteWebElement.execute(RemoteWebElement.java:223)
	at org.openqa.selenium.remote.RemoteWebElement.click(RemoteWebElement.java:76)
	at DemoBlazeProject.PlaceOrderTest.multipleOrdersOnRapidClicks(PlaceOrderTest.java:178)
	at java.base/java.util.ArrayList.forEach(ArrayList.java:1596)
... Removed 28 stack frames</pre></div><a href='#' onClick='toggleBox("stack-trace1089691218", this, "Click to show all stack frames", "Click to hide stack frames")'>Click to show all stack frames</a>
<div class='stack-trace' id='stack-trace1089691218'><pre>org.openqa.selenium.ElementClickInterceptedException: element click intercepted: Element &lt;button type=&quot;button&quot; class=&quot;btn btn-success&quot; data-toggle=&quot;modal&quot; data-target=&quot;#orderModal&quot;&gt;...&lt;/button&gt; is not clickable at point (1093, 151). Other element would receive the click: &lt;div class=&quot;modal fade show&quot; id=&quot;orderModal&quot; tabindex=&quot;-1&quot; role=&quot;dialog&quot; aria-labelledby=&quot;orderModalLabel&quot; style=&quot;display: block;&quot;&gt;...&lt;/div&gt;
  (Session info: chrome=143.0.7499.169)
Build info: version: &apos;4.38.0&apos;, revision: &apos;6b412e825c*&apos;
System info: os.name: &apos;Windows 11&apos;, os.arch: &apos;amd64&apos;, os.version: &apos;10.0&apos;, java.version: &apos;21.0.8&apos;
Driver info: org.openqa.selenium.chrome.ChromeDriver
Command: [2106aede8dc00e6831dd624aee9cc447, clickElement {id=f.C18F905B0F05830F74BFF0735C4CFC35.d.05544F0069D0504D87C6ABB29032FC73.e.309}]
Capabilities {acceptInsecureCerts: false, browserName: chrome, browserVersion: 143.0.7499.169, chrome: {chromedriverVersion: 143.0.7499.169 (164b20aab62..., userDataDir: C:\Users\chris\AppData\Loca...}, fedcm:accounts: true, goog:chromeOptions: {debuggerAddress: localhost:58870}, goog:processID: 45896, networkConnectionEnabled: false, pageLoadStrategy: normal, platformName: windows, proxy: Proxy(), se:cdp: ws://localhost:58870/devtoo..., se:cdpVersion: 143.0.7499.169, setWindowRect: true, strictFileInteractability: false, timeouts: {implicit: 0, pageLoad: 300000, script: 30000}, unhandledPromptBehavior: dismiss and notify, webauthn:extension:credBlob: true, webauthn:extension:largeBlob: true, webauthn:extension:minPinLength: true, webauthn:extension:prf: true, webauthn:virtualAuthenticators: true}
Element: [[ChromeDriver: chrome on windows (2106aede8dc00e6831dd624aee9cc447)] -&gt; xpath: //button[text()=&apos;Place Order&apos;]]
Session ID: 2106aede8dc00e6831dd624aee9cc447
	at java.base/jdk.internal.reflect.DirectConstructorHandleAccessor.newInstance(DirectConstructorHandleAccessor.java:62)
	at java.base/java.lang.reflect.Constructor.newInstanceWithCaller(Constructor.java:502)
	at java.base/java.lang.reflect.Constructor.newInstance(Constructor.java:486)
	at org.openqa.selenium.remote.ErrorCodec.decode(ErrorCodec.java:167)
	at org.openqa.selenium.remote.codec.w3c.W3CHttpResponseCodec.decode(W3CHttpResponseCodec.java:138)
	at org.openqa.selenium.remote.codec.w3c.W3CHttpResponseCodec.decode(W3CHttpResponseCodec.java:50)
	at org.openqa.selenium.remote.HttpCommandExecutor.execute(HttpCommandExecutor.java:215)
	at org.openqa.selenium.remote.service.DriverCommandExecutor.invokeExecute(DriverCommandExecutor.java:216)
	at org.openqa.selenium.remote.service.DriverCommandExecutor.execute(DriverCommandExecutor.java:174)
	at org.openqa.selenium.remote.RemoteWebDriver.execute(RemoteWebDriver.java:557)
	at org.openqa.selenium.remote.RemoteWebElement.execute(RemoteWebElement.java:223)
	at org.openqa.selenium.remote.RemoteWebElement.click(RemoteWebElement.java:76)
	at DemoBlazeProject.PlaceOrderTest.multipleOrdersOnRapidClicks(PlaceOrderTest.java:178)
	at java.base/jdk.internal.reflect.DirectMethodHandleAccessor.invoke(DirectMethodHandleAccessor.java:103)
	at java.base/java.lang.reflect.Method.invoke(Method.java:580)
	at org.testng.internal.invokers.MethodInvocationHelper.invokeMethod(MethodInvocationHelper.java:141)
	at org.testng.internal.invokers.TestInvoker.invokeMethod(TestInvoker.java:687)
	at org.testng.internal.invokers.TestInvoker.invokeTestMethod(TestInvoker.java:230)
	at org.testng.internal.invokers.MethodRunner.runInSequence(MethodRunner.java:63)
	at org.testng.internal.invokers.TestInvoker$MethodInvocationAgent.invoke(TestInvoker.java:995)
	at org.testng.internal.invokers.TestInvoker.invokeTestMethods(TestInvoker.java:203)
	at org.testng.internal.invokers.TestMethodWorker.invokeTestMethods(TestMethodWorker.java:154)
	at org.testng.internal.invokers.TestMethodWorker.run(TestMethodWorker.java:134)
	at java.base/java.util.ArrayList.forEach(ArrayList.java:1596)
	at org.testng.TestRunner.privateRun(TestRunner.java:741)
	at org.testng.TestRunner.run(TestRunner.java:616)
	at org.testng.SuiteRunner.runTest(SuiteRunner.java:421)
	at org.testng.SuiteRunner.runSequentially(SuiteRunner.java:413)
	at org.testng.SuiteRunner.privateRun(SuiteRunner.java:373)
	at org.testng.SuiteRunner.run(SuiteRunner.java:312)
	at org.testng.SuiteRunnerWorker.runSuite(SuiteRunnerWorker.java:52)
	at org.testng.SuiteRunnerWorker.run(SuiteRunnerWorker.java:95)
	at org.testng.TestNG.runSuitesSequentially(TestNG.java:1274)
	at org.testng.TestNG.runSuitesLocally(TestNG.java:1208)
	at org.testng.TestNG.runSuites(TestNG.java:1112)
	at org.testng.TestNG.run(TestNG.java:1079)
	at org.testng.remote.AbstractRemoteTestNG.run(AbstractRemoteTestNG.java:115)
	at org.testng.remote.RemoteTestNG.initAndRun(RemoteTestNG.java:293)
	at org.testng.remote.RemoteTestNG.main(RemoteTestNG.java:91)
</pre></div></td>
<td>1</td>
<td>DemoBlazeProject.PlaceOrderTest@b3ca52e</td></tr>
<tr>
<td title='DemoBlazeProject.LoginModuleTest.SpecialCharactersInUsername()'><b>SpecialCharactersInUsername</b><br>Test class: DemoBlazeProject.LoginModuleTest</td>
<td><div><pre>java.lang.AssertionError: FAIL: Login attempted with special characters (Security risk)
	at DemoBlazeProject.LoginModuleTest.SpecialCharactersInUsername(LoginModuleTest.java:117)
	at java.base/java.util.ArrayList.forEach(ArrayList.java:1596)
... Removed 26 stack frames</pre></div><a href='#' onClick='toggleBox("stack-trace1614992995", this, "Click to show all stack frames", "Click to hide stack frames")'>Click to show all stack frames</a>
<div class='stack-trace' id='stack-trace1614992995'><pre>java.lang.AssertionError: FAIL: Login attempted with special characters (Security risk)
	at org.testng.Assert.fail(Assert.java:111)
	at DemoBlazeProject.LoginModuleTest.SpecialCharactersInUsername(LoginModuleTest.java:117)
	at java.base/jdk.internal.reflect.DirectMethodHandleAccessor.invoke(DirectMethodHandleAccessor.java:103)
	at java.base/java.lang.reflect.Method.invoke(Method.java:580)
	at org.testng.internal.invokers.MethodInvocationHelper.invokeMethod(MethodInvocationHelper.java:141)
	at org.testng.internal.invokers.TestInvoker.invokeMethod(TestInvoker.java:687)
	at org.testng.internal.invokers.TestInvoker.invokeTestMethod(TestInvoker.java:230)
	at org.testng.internal.invokers.MethodRunner.runInSequence(MethodRunner.java:63)
	at org.testng.internal.invokers.TestInvoker$MethodInvocationAgent.invoke(TestInvoker.java:995)
	at org.testng.internal.invokers.TestInvoker.invokeTestMethods(TestInvoker.java:203)
	at org.testng.internal.invokers.TestMethodWorker.invokeTestMethods(TestMethodWorker.java:154)
	at org.testng.internal.invokers.TestMethodWorker.run(TestMethodWorker.java:134)
	at java.base/java.util.ArrayList.forEach(ArrayList.java:1596)
	at org.testng.TestRunner.privateRun(TestRunner.java:741)
	at org.testng.TestRunner.run(TestRunner.java:616)
	at org.testng.SuiteRunner.runTest(SuiteRunner.java:421)
	at org.testng.SuiteRunner.runSequentially(SuiteRunner.java:413)
	at org.testng.SuiteRunner.privateRun(SuiteRunner.java:373)
	at org.testng.SuiteRunner.run(SuiteRunner.java:312)
	at org.testng.SuiteRunnerWorker.runSuite(SuiteRunnerWorker.java:52)
	at org.testng.SuiteRunnerWorker.run(SuiteRunnerWorker.java:95)
	at org.testng.TestNG.runSuitesSequentially(TestNG.java:1274)
	at org.testng.TestNG.runSuitesLocally(TestNG.java:1208)
	at org.testng.TestNG.runSuites(TestNG.java:1112)
	at org.testng.TestNG.run(TestNG.java:1079)
	at org.testng.remote.AbstractRemoteTestNG.run(AbstractRemoteTestNG.java:115)
	at org.testng.remote.RemoteTestNG.initAndRun(RemoteTestNG.java:293)
	at org.testng.remote.RemoteTestNG.main(RemoteTestNG.java:91)
</pre></div></td>
<td>1</td>
<td>DemoBlazeProject.LoginModuleTest@45c7e403</td></tr>
<tr>
<td title='DemoBlazeProject.LoginModuleTest.LoginPersistence()'><b>LoginPersistence</b><br>Test class: DemoBlazeProject.LoginModuleTest</td>
<td><div><pre>org.openqa.selenium.TimeoutException: Expected condition failed: waiting for visibility of element located by By.id: nameofuser (tried for 10 second(s) with 500 milliseconds interval)
Build info: version: &apos;4.38.0&apos;, revision: &apos;6b412e825c*&apos;
System info: os.name: &apos;Windows 11&apos;, os.arch: &apos;amd64&apos;, os.version: &apos;10.0&apos;, java.version: &apos;21.0.8&apos;
Driver info: org.openqa.selenium.chrome.ChromeDriver
Capabilities {acceptInsecureCerts: false, browserName: chrome, browserVersion: 143.0.7499.169, chrome: {chromedriverVersion: 143.0.7499.169 (164b20aab62..., userDataDir: C:\Users\chris\AppData\Loca...}, fedcm:accounts: true, goog:chromeOptions: {debuggerAddress: localhost:62526}, goog:processID: 18268, networkConnectionEnabled: false, pageLoadStrategy: normal, platformName: windows, proxy: Proxy(), se:cdp: ws://localhost:62526/devtoo..., se:cdpVersion: 143.0.7499.169, setWindowRect: true, strictFileInteractability: false, timeouts: {implicit: 0, pageLoad: 300000, script: 30000}, unhandledPromptBehavior: dismiss and notify, webauthn:extension:credBlob: true, webauthn:extension:largeBlob: true, webauthn:extension:minPinLength: true, webauthn:extension:prf: true, webauthn:virtualAuthenticators: true}
Session ID: 3a423078b20d630c5306399386b37845
	at org.openqa.selenium.support.ui.WebDriverWait.timeoutException(WebDriverWait.java:84)
	at org.openqa.selenium.support.ui.FluentWait.until(FluentWait.java:228)
	at DemoBlazeProject.LoginModuleTest.LoginPersistence(LoginModuleTest.java:158)
	at java.base/java.util.ArrayList.forEach(ArrayList.java:1596)
... Removed 25 stack frames</pre></div><a href='#' onClick='toggleBox("stack-trace350703813", this, "Click to show all stack frames", "Click to hide stack frames")'>Click to show all stack frames</a>
<div class='stack-trace' id='stack-trace350703813'><pre>org.openqa.selenium.TimeoutException: Expected condition failed: waiting for visibility of element located by By.id: nameofuser (tried for 10 second(s) with 500 milliseconds interval)
Build info: version: &apos;4.38.0&apos;, revision: &apos;6b412e825c*&apos;
System info: os.name: &apos;Windows 11&apos;, os.arch: &apos;amd64&apos;, os.version: &apos;10.0&apos;, java.version: &apos;21.0.8&apos;
Driver info: org.openqa.selenium.chrome.ChromeDriver
Capabilities {acceptInsecureCerts: false, browserName: chrome, browserVersion: 143.0.7499.169, chrome: {chromedriverVersion: 143.0.7499.169 (164b20aab62..., userDataDir: C:\Users\chris\AppData\Loca...}, fedcm:accounts: true, goog:chromeOptions: {debuggerAddress: localhost:62526}, goog:processID: 18268, networkConnectionEnabled: false, pageLoadStrategy: normal, platformName: windows, proxy: Proxy(), se:cdp: ws://localhost:62526/devtoo..., se:cdpVersion: 143.0.7499.169, setWindowRect: true, strictFileInteractability: false, timeouts: {implicit: 0, pageLoad: 300000, script: 30000}, unhandledPromptBehavior: dismiss and notify, webauthn:extension:credBlob: true, webauthn:extension:largeBlob: true, webauthn:extension:minPinLength: true, webauthn:extension:prf: true, webauthn:virtualAuthenticators: true}
Session ID: 3a423078b20d630c5306399386b37845
	at org.openqa.selenium.support.ui.WebDriverWait.timeoutException(WebDriverWait.java:84)
	at org.openqa.selenium.support.ui.FluentWait.until(FluentWait.java:228)
	at DemoBlazeProject.LoginModuleTest.LoginPersistence(LoginModuleTest.java:158)
	at java.base/jdk.internal.reflect.DirectMethodHandleAccessor.invoke(DirectMethodHandleAccessor.java:103)
	at java.base/java.lang.reflect.Method.invoke(Method.java:580)
	at org.testng.internal.invokers.MethodInvocationHelper.invokeMethod(MethodInvocationHelper.java:141)
	at org.testng.internal.invokers.TestInvoker.invokeMethod(TestInvoker.java:687)
	at org.testng.internal.invokers.TestInvoker.invokeTestMethod(TestInvoker.java:230)
	at org.testng.internal.invokers.MethodRunner.runInSequence(MethodRunner.java:63)
	at org.testng.internal.invokers.TestInvoker$MethodInvocationAgent.invoke(TestInvoker.java:995)
	at org.testng.internal.invokers.TestInvoker.invokeTestMethods(TestInvoker.java:203)
	at org.testng.internal.invokers.TestMethodWorker.invokeTestMethods(TestMethodWorker.java:154)
	at org.testng.internal.invokers.TestMethodWorker.run(TestMethodWorker.java:134)
	at java.base/java.util.ArrayList.forEach(ArrayList.java:1596)
	at org.testng.TestRunner.privateRun(TestRunner.java:741)
	at org.testng.TestRunner.run(TestRunner.java:616)
	at org.testng.SuiteRunner.runTest(SuiteRunner.java:421)
	at org.testng.SuiteRunner.runSequentially(SuiteRunner.java:413)
	at org.testng.SuiteRunner.privateRun(SuiteRunner.java:373)
	at org.testng.SuiteRunner.run(SuiteRunner.java:312)
	at org.testng.SuiteRunnerWorker.runSuite(SuiteRunnerWorker.java:52)
	at org.testng.SuiteRunnerWorker.run(SuiteRunnerWorker.java:95)
	at org.testng.TestNG.runSuitesSequentially(TestNG.java:1274)
	at org.testng.TestNG.runSuitesLocally(TestNG.java:1208)
	at org.testng.TestNG.runSuites(TestNG.java:1112)
	at org.testng.TestNG.run(TestNG.java:1079)
	at org.testng.remote.AbstractRemoteTestNG.run(AbstractRemoteTestNG.java:115)
	at org.testng.remote.RemoteTestNG.initAndRun(RemoteTestNG.java:293)
	at org.testng.remote.RemoteTestNG.main(RemoteTestNG.java:91)
</pre></div></td>
<td>11</td>
<td>DemoBlazeProject.LoginModuleTest@45c7e403</td></tr>
<tr>
<td title='DemoBlazeProject.PlaceOrderTest.invalidCreditCardAccepted()'><b>invalidCreditCardAccepted</b><br>Test class: DemoBlazeProject.PlaceOrderTest</td>
<td><div><pre>org.openqa.selenium.ElementClickInterceptedException: element click intercepted: Element &lt;button type=&quot;button&quot; class=&quot;btn btn-success&quot; data-toggle=&quot;modal&quot; data-target=&quot;#orderModal&quot;&gt;...&lt;/button&gt; is not clickable at point (1093, 151). Other element would receive the click: &lt;div class=&quot;modal fade show&quot; id=&quot;orderModal&quot; tabindex=&quot;-1&quot; role=&quot;dialog&quot; aria-labelledby=&quot;orderModalLabel&quot; style=&quot;display: block;&quot;&gt;...&lt;/div&gt;
  (Session info: chrome=143.0.7499.169)
Build info: version: &apos;4.38.0&apos;, revision: &apos;6b412e825c*&apos;
System info: os.name: &apos;Windows 11&apos;, os.arch: &apos;amd64&apos;, os.version: &apos;10.0&apos;, java.version: &apos;21.0.8&apos;
Driver info: org.openqa.selenium.chrome.ChromeDriver
Command: [2106aede8dc00e6831dd624aee9cc447, clickElement {id=f.C18F905B0F05830F74BFF0735C4CFC35.d.05544F0069D0504D87C6ABB29032FC73.e.309}]
Capabilities {acceptInsecureCerts: false, browserName: chrome, browserVersion: 143.0.7499.169, chrome: {chromedriverVersion: 143.0.7499.169 (164b20aab62..., userDataDir: C:\Users\chris\AppData\Loca...}, fedcm:accounts: true, goog:chromeOptions: {debuggerAddress: localhost:58870}, goog:processID: 45896, networkConnectionEnabled: false, pageLoadStrategy: normal, platformName: windows, proxy: Proxy(), se:cdp: ws://localhost:58870/devtoo..., se:cdpVersion: 143.0.7499.169, setWindowRect: true, strictFileInteractability: false, timeouts: {implicit: 0, pageLoad: 300000, script: 30000}, unhandledPromptBehavior: dismiss and notify, webauthn:extension:credBlob: true, webauthn:extension:largeBlob: true, webauthn:extension:minPinLength: true, webauthn:extension:prf: true, webauthn:virtualAuthenticators: true}
Element: [[ChromeDriver: chrome on windows (2106aede8dc00e6831dd624aee9cc447)] -&gt; xpath: //button[text()=&apos;Place Order&apos;]]
Session ID: 2106aede8dc00e6831dd624aee9cc447
	at org.openqa.selenium.remote.ErrorCodec.decode(ErrorCodec.java:167)
	at org.openqa.selenium.remote.codec.w3c.W3CHttpResponseCodec.decode(W3CHttpResponseCodec.java:138)
	at org.openqa.selenium.remote.codec.w3c.W3CHttpResponseCodec.decode(W3CHttpResponseCodec.java:50)
	at org.openqa.selenium.remote.HttpCommandExecutor.execute(HttpCommandExecutor.java:215)
	at org.openqa.selenium.remote.service.DriverCommandExecutor.invokeExecute(DriverCommandExecutor.java:216)
	at org.openqa.selenium.remote.service.DriverCommandExecutor.execute(DriverCommandExecutor.java:174)
	at org.openqa.selenium.remote.RemoteWebDriver.execute(RemoteWebDriver.java:557)
	at org.openqa.selenium.remote.RemoteWebElement.execute(RemoteWebElement.java:223)
	at org.openqa.selenium.remote.RemoteWebElement.click(RemoteWebElement.java:76)
	at DemoBlazeProject.PlaceOrderTest.invalidCreditCardAccepted(PlaceOrderTest.java:158)
	at java.base/java.util.ArrayList.forEach(ArrayList.java:1596)
... Removed 28 stack frames</pre></div><a href='#' onClick='toggleBox("stack-trace2085813377", this, "Click to show all stack frames", "Click to hide stack frames")'>Click to show all stack frames</a>
<div class='stack-trace' id='stack-trace2085813377'><pre>org.openqa.selenium.ElementClickInterceptedException: element click intercepted: Element &lt;button type=&quot;button&quot; class=&quot;btn btn-success&quot; data-toggle=&quot;modal&quot; data-target=&quot;#orderModal&quot;&gt;...&lt;/button&gt; is not clickable at point (1093, 151). Other element would receive the click: &lt;div class=&quot;modal fade show&quot; id=&quot;orderModal&quot; tabindex=&quot;-1&quot; role=&quot;dialog&quot; aria-labelledby=&quot;orderModalLabel&quot; style=&quot;display: block;&quot;&gt;...&lt;/div&gt;
  (Session info: chrome=143.0.7499.169)
Build info: version: &apos;4.38.0&apos;, revision: &apos;6b412e825c*&apos;
System info: os.name: &apos;Windows 11&apos;, os.arch: &apos;amd64&apos;, os.version: &apos;10.0&apos;, java.version: &apos;21.0.8&apos;
Driver info: org.openqa.selenium.chrome.ChromeDriver
Command: [2106aede8dc00e6831dd624aee9cc447, clickElement {id=f.C18F905B0F05830F74BFF0735C4CFC35.d.05544F0069D0504D87C6ABB29032FC73.e.309}]
Capabilities {acceptInsecureCerts: false, browserName: chrome, browserVersion: 143.0.7499.169, chrome: {chromedriverVersion: 143.0.7499.169 (164b20aab62..., userDataDir: C:\Users\chris\AppData\Loca...}, fedcm:accounts: true, goog:chromeOptions: {debuggerAddress: localhost:58870}, goog:processID: 45896, networkConnectionEnabled: false, pageLoadStrategy: normal, platformName: windows, proxy: Proxy(), se:cdp: ws://localhost:58870/devtoo..., se:cdpVersion: 143.0.7499.169, setWindowRect: true, strictFileInteractability: false, timeouts: {implicit: 0, pageLoad: 300000, script: 30000}, unhandledPromptBehavior: dismiss and notify, webauthn:extension:credBlob: true, webauthn:extension:largeBlob: true, webauthn:extension:minPinLength: true, webauthn:extension:prf: true, webauthn:virtualAuthenticators: true}
Element: [[ChromeDriver: chrome on windows (2106aede8dc00e6831dd624aee9cc447)] -&gt; xpath: //button[text()=&apos;Place Order&apos;]]
Session ID: 2106aede8dc00e6831dd624aee9cc447
	at java.base/jdk.internal.reflect.DirectConstructorHandleAccessor.newInstance(DirectConstructorHandleAccessor.java:62)
	at java.base/java.lang.reflect.Constructor.newInstanceWithCaller(Constructor.java:502)
	at java.base/java.lang.reflect.Constructor.newInstance(Constructor.java:486)
	at org.openqa.selenium.remote.ErrorCodec.decode(ErrorCodec.java:167)
	at org.openqa.selenium.remote.codec.w3c.W3CHttpResponseCodec.decode(W3CHttpResponseCodec.java:138)
	at org.openqa.selenium.remote.codec.w3c.W3CHttpResponseCodec.decode(W3CHttpResponseCodec.java:50)
	at org.openqa.selenium.remote.HttpCommandExecutor.execute(HttpCommandExecutor.java:215)
	at org.openqa.selenium.remote.service.DriverCommandExecutor.invokeExecute(DriverCommandExecutor.java:216)
	at org.openqa.selenium.remote.service.DriverCommandExecutor.execute(DriverCommandExecutor.java:174)
	at org.openqa.selenium.remote.RemoteWebDriver.execute(RemoteWebDriver.java:557)
	at org.openqa.selenium.remote.RemoteWebElement.execute(RemoteWebElement.java:223)
	at org.openqa.selenium.remote.RemoteWebElement.click(RemoteWebElement.java:76)
	at DemoBlazeProject.PlaceOrderTest.invalidCreditCardAccepted(PlaceOrderTest.java:158)
	at java.base/jdk.internal.reflect.DirectMethodHandleAccessor.invoke(DirectMethodHandleAccessor.java:103)
	at java.base/java.lang.reflect.Method.invoke(Method.java:580)
	at org.testng.internal.invokers.MethodInvocationHelper.invokeMethod(MethodInvocationHelper.java:141)
	at org.testng.internal.invokers.TestInvoker.invokeMethod(TestInvoker.java:687)
	at org.testng.internal.invokers.TestInvoker.invokeTestMethod(TestInvoker.java:230)
	at org.testng.internal.invokers.MethodRunner.runInSequence(MethodRunner.java:63)
	at org.testng.internal.invokers.TestInvoker$MethodInvocationAgent.invoke(TestInvoker.java:995)
	at org.testng.internal.invokers.TestInvoker.invokeTestMethods(TestInvoker.java:203)
	at org.testng.internal.invokers.TestMethodWorker.invokeTestMethods(TestMethodWorker.java:154)
	at org.testng.internal.invokers.TestMethodWorker.run(TestMethodWorker.java:134)
	at java.base/java.util.ArrayList.forEach(ArrayList.java:1596)
	at org.testng.TestRunner.privateRun(TestRunner.java:741)
	at org.testng.TestRunner.run(TestRunner.java:616)
	at org.testng.SuiteRunner.runTest(SuiteRunner.java:421)
	at org.testng.SuiteRunner.runSequentially(SuiteRunner.java:413)
	at org.testng.SuiteRunner.privateRun(SuiteRunner.java:373)
	at org.testng.SuiteRunner.run(SuiteRunner.java:312)
	at org.testng.SuiteRunnerWorker.runSuite(SuiteRunnerWorker.java:52)
	at org.testng.SuiteRunnerWorker.run(SuiteRunnerWorker.java:95)
	at org.testng.TestNG.runSuitesSequentially(TestNG.java:1274)
	at org.testng.TestNG.runSuitesLocally(TestNG.java:1208)
	at org.testng.TestNG.runSuites(TestNG.java:1112)
	at org.testng.TestNG.run(TestNG.java:1079)
	at org.testng.remote.AbstractRemoteTestNG.run(AbstractRemoteTestNG.java:115)
	at org.testng.remote.RemoteTestNG.initAndRun(RemoteTestNG.java:293)
	at org.testng.remote.RemoteTestNG.main(RemoteTestNG.java:91)
</pre></div></td>
<td>1</td>
<td>DemoBlazeProject.PlaceOrderTest@b3ca52e</td></tr>
<tr>
<td title='DemoBlazeProject.LoginModuleTest.UsernameLengthLimit()'><b>UsernameLengthLimit</b><br>Test class: DemoBlazeProject.LoginModuleTest</td>
<td><div><pre>java.lang.AssertionError: FAIL: Username length not restricted (High severity)
	at DemoBlazeProject.LoginModuleTest.UsernameLengthLimit(LoginModuleTest.java:97)
	at java.base/java.util.ArrayList.forEach(ArrayList.java:1596)
... Removed 26 stack frames</pre></div><a href='#' onClick='toggleBox("stack-trace1626149608", this, "Click to show all stack frames", "Click to hide stack frames")'>Click to show all stack frames</a>
<div class='stack-trace' id='stack-trace1626149608'><pre>java.lang.AssertionError: FAIL: Username length not restricted (High severity)
	at org.testng.Assert.fail(Assert.java:111)
	at DemoBlazeProject.LoginModuleTest.UsernameLengthLimit(LoginModuleTest.java:97)
	at java.base/jdk.internal.reflect.DirectMethodHandleAccessor.invoke(DirectMethodHandleAccessor.java:103)
	at java.base/java.lang.reflect.Method.invoke(Method.java:580)
	at org.testng.internal.invokers.MethodInvocationHelper.invokeMethod(MethodInvocationHelper.java:141)
	at org.testng.internal.invokers.TestInvoker.invokeMethod(TestInvoker.java:687)
	at org.testng.internal.invokers.TestInvoker.invokeTestMethod(TestInvoker.java:230)
	at org.testng.internal.invokers.MethodRunner.runInSequence(MethodRunner.java:63)
	at org.testng.internal.invokers.TestInvoker$MethodInvocationAgent.invoke(TestInvoker.java:995)
	at org.testng.internal.invokers.TestInvoker.invokeTestMethods(TestInvoker.java:203)
	at org.testng.internal.invokers.TestMethodWorker.invokeTestMethods(TestMethodWorker.java:154)
	at org.testng.internal.invokers.TestMethodWorker.run(TestMethodWorker.java:134)
	at java.base/java.util.ArrayList.forEach(ArrayList.java:1596)
	at org.testng.TestRunner.privateRun(TestRunner.java:741)
	at org.testng.TestRunner.run(TestRunner.java:616)
	at org.testng.SuiteRunner.runTest(SuiteRunner.java:421)
	at org.testng.SuiteRunner.runSequentially(SuiteRunner.java:413)
	at org.testng.SuiteRunner.privateRun(SuiteRunner.java:373)
	at org.testng.SuiteRunner.run(SuiteRunner.java:312)
	at org.testng.SuiteRunnerWorker.runSuite(SuiteRunnerWorker.java:52)
	at org.testng.SuiteRunnerWorker.run(SuiteRunnerWorker.java:95)
	at org.testng.TestNG.runSuitesSequentially(TestNG.java:1274)
	at org.testng.TestNG.runSuitesLocally(TestNG.java:1208)
	at org.testng.TestNG.runSuites(TestNG.java:1112)
	at org.testng.TestNG.run(TestNG.java:1079)
	at org.testng.remote.AbstractRemoteTestNG.run(AbstractRemoteTestNG.java:115)
	at org.testng.remote.RemoteTestNG.initAndRun(RemoteTestNG.java:293)
	at org.testng.remote.RemoteTestNG.main(RemoteTestNG.java:91)
</pre></div></td>
<td>0</td>
<td>DemoBlazeProject.LoginModuleTest@45c7e403</td></tr>
<tr>
<td title='DemoBlazeProject.LoginModuleTest.LogoutVisibility()'><b>LogoutVisibility</b><br>Test class: DemoBlazeProject.LoginModuleTest</td>
<td><div><pre>org.openqa.selenium.TimeoutException: Expected condition failed: waiting for visibility of element located by By.id: logout2 (tried for 10 second(s) with 500 milliseconds interval)
Build info: version: &apos;4.38.0&apos;, revision: &apos;6b412e825c*&apos;
System info: os.name: &apos;Windows 11&apos;, os.arch: &apos;amd64&apos;, os.version: &apos;10.0&apos;, java.version: &apos;21.0.8&apos;
Driver info: org.openqa.selenium.chrome.ChromeDriver
Capabilities {acceptInsecureCerts: false, browserName: chrome, browserVersion: 143.0.7499.169, chrome: {chromedriverVersion: 143.0.7499.169 (164b20aab62..., userDataDir: C:\Users\chris\AppData\Loca...}, fedcm:accounts: true, goog:chromeOptions: {debuggerAddress: localhost:62526}, goog:processID: 18268, networkConnectionEnabled: false, pageLoadStrategy: normal, platformName: windows, proxy: Proxy(), se:cdp: ws://localhost:62526/devtoo..., se:cdpVersion: 143.0.7499.169, setWindowRect: true, strictFileInteractability: false, timeouts: {implicit: 0, pageLoad: 300000, script: 30000}, unhandledPromptBehavior: dismiss and notify, webauthn:extension:credBlob: true, webauthn:extension:largeBlob: true, webauthn:extension:minPinLength: true, webauthn:extension:prf: true, webauthn:virtualAuthenticators: true}
Session ID: 3a423078b20d630c5306399386b37845
	at org.openqa.selenium.support.ui.WebDriverWait.timeoutException(WebDriverWait.java:84)
	at org.openqa.selenium.support.ui.FluentWait.until(FluentWait.java:228)
	at DemoBlazeProject.LoginModuleTest.LogoutVisibility(LoginModuleTest.java:172)
	at java.base/java.util.ArrayList.forEach(ArrayList.java:1596)
... Removed 25 stack frames</pre></div><a href='#' onClick='toggleBox("stack-trace488063551", this, "Click to show all stack frames", "Click to hide stack frames")'>Click to show all stack frames</a>
<div class='stack-trace' id='stack-trace488063551'><pre>org.openqa.selenium.TimeoutException: Expected condition failed: waiting for visibility of element located by By.id: logout2 (tried for 10 second(s) with 500 milliseconds interval)
Build info: version: &apos;4.38.0&apos;, revision: &apos;6b412e825c*&apos;
System info: os.name: &apos;Windows 11&apos;, os.arch: &apos;amd64&apos;, os.version: &apos;10.0&apos;, java.version: &apos;21.0.8&apos;
Driver info: org.openqa.selenium.chrome.ChromeDriver
Capabilities {acceptInsecureCerts: false, browserName: chrome, browserVersion: 143.0.7499.169, chrome: {chromedriverVersion: 143.0.7499.169 (164b20aab62..., userDataDir: C:\Users\chris\AppData\Loca...}, fedcm:accounts: true, goog:chromeOptions: {debuggerAddress: localhost:62526}, goog:processID: 18268, networkConnectionEnabled: false, pageLoadStrategy: normal, platformName: windows, proxy: Proxy(), se:cdp: ws://localhost:62526/devtoo..., se:cdpVersion: 143.0.7499.169, setWindowRect: true, strictFileInteractability: false, timeouts: {implicit: 0, pageLoad: 300000, script: 30000}, unhandledPromptBehavior: dismiss and notify, webauthn:extension:credBlob: true, webauthn:extension:largeBlob: true, webauthn:extension:minPinLength: true, webauthn:extension:prf: true, webauthn:virtualAuthenticators: true}
Session ID: 3a423078b20d630c5306399386b37845
	at org.openqa.selenium.support.ui.WebDriverWait.timeoutException(WebDriverWait.java:84)
	at org.openqa.selenium.support.ui.FluentWait.until(FluentWait.java:228)
	at DemoBlazeProject.LoginModuleTest.LogoutVisibility(LoginModuleTest.java:172)
	at java.base/jdk.internal.reflect.DirectMethodHandleAccessor.invoke(DirectMethodHandleAccessor.java:103)
	at java.base/java.lang.reflect.Method.invoke(Method.java:580)
	at org.testng.internal.invokers.MethodInvocationHelper.invokeMethod(MethodInvocationHelper.java:141)
	at org.testng.internal.invokers.TestInvoker.invokeMethod(TestInvoker.java:687)
	at org.testng.internal.invokers.TestInvoker.invokeTestMethod(TestInvoker.java:230)
	at org.testng.internal.invokers.MethodRunner.runInSequence(MethodRunner.java:63)
	at org.testng.internal.invokers.TestInvoker$MethodInvocationAgent.invoke(TestInvoker.java:995)
	at org.testng.internal.invokers.TestInvoker.invokeTestMethods(TestInvoker.java:203)
	at org.testng.internal.invokers.TestMethodWorker.invokeTestMethods(TestMethodWorker.java:154)
	at org.testng.internal.invokers.TestMethodWorker.run(TestMethodWorker.java:134)
	at java.base/java.util.ArrayList.forEach(ArrayList.java:1596)
	at org.testng.TestRunner.privateRun(TestRunner.java:741)
	at org.testng.TestRunner.run(TestRunner.java:616)
	at org.testng.SuiteRunner.runTest(SuiteRunner.java:421)
	at org.testng.SuiteRunner.runSequentially(SuiteRunner.java:413)
	at org.testng.SuiteRunner.privateRun(SuiteRunner.java:373)
	at org.testng.SuiteRunner.run(SuiteRunner.java:312)
	at org.testng.SuiteRunnerWorker.runSuite(SuiteRunnerWorker.java:52)
	at org.testng.SuiteRunnerWorker.run(SuiteRunnerWorker.java:95)
	at org.testng.TestNG.runSuitesSequentially(TestNG.java:1274)
	at org.testng.TestNG.runSuitesLocally(TestNG.java:1208)
	at org.testng.TestNG.runSuites(TestNG.java:1112)
	at org.testng.TestNG.run(TestNG.java:1079)
	at org.testng.remote.AbstractRemoteTestNG.run(AbstractRemoteTestNG.java:115)
	at org.testng.remote.RemoteTestNG.initAndRun(RemoteTestNG.java:293)
	at org.testng.remote.RemoteTestNG.main(RemoteTestNG.java:91)
</pre></div></td>
<td>11</td>
<td>DemoBlazeProject.LoginModuleTest@45c7e403</td></tr>
<tr>
<td title='DemoBlazeProject.LoginModuleTest.ValidLogin()'><b>ValidLogin</b><br>Test class: DemoBlazeProject.LoginModuleTest</td>
<td><div><pre>org.openqa.selenium.TimeoutException: Expected condition failed: waiting for visibility of element located by By.id: nameofuser (tried for 10 second(s) with 500 milliseconds interval)
Build info: version: &apos;4.38.0&apos;, revision: &apos;6b412e825c*&apos;
System info: os.name: &apos;Windows 11&apos;, os.arch: &apos;amd64&apos;, os.version: &apos;10.0&apos;, java.version: &apos;21.0.8&apos;
Driver info: org.openqa.selenium.chrome.ChromeDriver
Capabilities {acceptInsecureCerts: false, browserName: chrome, browserVersion: 143.0.7499.169, chrome: {chromedriverVersion: 143.0.7499.169 (164b20aab62..., userDataDir: C:\Users\chris\AppData\Loca...}, fedcm:accounts: true, goog:chromeOptions: {debuggerAddress: localhost:62526}, goog:processID: 18268, networkConnectionEnabled: false, pageLoadStrategy: normal, platformName: windows, proxy: Proxy(), se:cdp: ws://localhost:62526/devtoo..., se:cdpVersion: 143.0.7499.169, setWindowRect: true, strictFileInteractability: false, timeouts: {implicit: 0, pageLoad: 300000, script: 30000}, unhandledPromptBehavior: dismiss and notify, webauthn:extension:credBlob: true, webauthn:extension:largeBlob: true, webauthn:extension:minPinLength: true, webauthn:extension:prf: true, webauthn:virtualAuthenticators: true}
Session ID: 3a423078b20d630c5306399386b37845
	at org.openqa.selenium.support.ui.WebDriverWait.timeoutException(WebDriverWait.java:84)
	at org.openqa.selenium.support.ui.FluentWait.until(FluentWait.java:228)
	at DemoBlazeProject.LoginModuleTest.ValidLogin(LoginModuleTest.java:130)
	at java.base/java.util.ArrayList.forEach(ArrayList.java:1596)
... Removed 25 stack frames</pre></div><a href='#' onClick='toggleBox("stack-trace1185387998", this, "Click to show all stack frames", "Click to hide stack frames")'>Click to show all stack frames</a>
<div class='stack-trace' id='stack-trace1185387998'><pre>org.openqa.selenium.TimeoutException: Expected condition failed: waiting for visibility of element located by By.id: nameofuser (tried for 10 second(s) with 500 milliseconds interval)
Build info: version: &apos;4.38.0&apos;, revision: &apos;6b412e825c*&apos;
System info: os.name: &apos;Windows 11&apos;, os.arch: &apos;amd64&apos;, os.version: &apos;10.0&apos;, java.version: &apos;21.0.8&apos;
Driver info: org.openqa.selenium.chrome.ChromeDriver
Capabilities {acceptInsecureCerts: false, browserName: chrome, browserVersion: 143.0.7499.169, chrome: {chromedriverVersion: 143.0.7499.169 (164b20aab62..., userDataDir: C:\Users\chris\AppData\Loca...}, fedcm:accounts: true, goog:chromeOptions: {debuggerAddress: localhost:62526}, goog:processID: 18268, networkConnectionEnabled: false, pageLoadStrategy: normal, platformName: windows, proxy: Proxy(), se:cdp: ws://localhost:62526/devtoo..., se:cdpVersion: 143.0.7499.169, setWindowRect: true, strictFileInteractability: false, timeouts: {implicit: 0, pageLoad: 300000, script: 30000}, unhandledPromptBehavior: dismiss and notify, webauthn:extension:credBlob: true, webauthn:extension:largeBlob: true, webauthn:extension:minPinLength: true, webauthn:extension:prf: true, webauthn:virtualAuthenticators: true}
Session ID: 3a423078b20d630c5306399386b37845
	at org.openqa.selenium.support.ui.WebDriverWait.timeoutException(WebDriverWait.java:84)
	at org.openqa.selenium.support.ui.FluentWait.until(FluentWait.java:228)
	at DemoBlazeProject.LoginModuleTest.ValidLogin(LoginModuleTest.java:130)
	at java.base/jdk.internal.reflect.DirectMethodHandleAccessor.invoke(DirectMethodHandleAccessor.java:103)
	at java.base/java.lang.reflect.Method.invoke(Method.java:580)
	at org.testng.internal.invokers.MethodInvocationHelper.invokeMethod(MethodInvocationHelper.java:141)
	at org.testng.internal.invokers.TestInvoker.invokeMethod(TestInvoker.java:687)
	at org.testng.internal.invokers.TestInvoker.invokeTestMethod(TestInvoker.java:230)
	at org.testng.internal.invokers.MethodRunner.runInSequence(MethodRunner.java:63)
	at org.testng.internal.invokers.TestInvoker$MethodInvocationAgent.invoke(TestInvoker.java:995)
	at org.testng.internal.invokers.TestInvoker.invokeTestMethods(TestInvoker.java:203)
	at org.testng.internal.invokers.TestMethodWorker.invokeTestMethods(TestMethodWorker.java:154)
	at org.testng.internal.invokers.TestMethodWorker.run(TestMethodWorker.java:134)
	at java.base/java.util.ArrayList.forEach(ArrayList.java:1596)
	at org.testng.TestRunner.privateRun(TestRunner.java:741)
	at org.testng.TestRunner.run(TestRunner.java:616)
	at org.testng.SuiteRunner.runTest(SuiteRunner.java:421)
	at org.testng.SuiteRunner.runSequentially(SuiteRunner.java:413)
	at org.testng.SuiteRunner.privateRun(SuiteRunner.java:373)
	at org.testng.SuiteRunner.run(SuiteRunner.java:312)
	at org.testng.SuiteRunnerWorker.runSuite(SuiteRunnerWorker.java:52)
	at org.testng.SuiteRunnerWorker.run(SuiteRunnerWorker.java:95)
	at org.testng.TestNG.runSuitesSequentially(TestNG.java:1274)
	at org.testng.TestNG.runSuitesLocally(TestNG.java:1208)
	at org.testng.TestNG.runSuites(TestNG.java:1112)
	at org.testng.TestNG.run(TestNG.java:1079)
	at org.testng.remote.AbstractRemoteTestNG.run(AbstractRemoteTestNG.java:115)
	at org.testng.remote.RemoteTestNG.initAndRun(RemoteTestNG.java:293)
	at org.testng.remote.RemoteTestNG.main(RemoteTestNG.java:91)
</pre></div></td>
<td>11</td>
<td>DemoBlazeProject.LoginModuleTest@45c7e403</td></tr>
<tr>
<td title='DemoBlazeProject.LoginModuleTest.PasswordLengthLimit()'><b>PasswordLengthLimit</b><br>Test class: DemoBlazeProject.LoginModuleTest</td>
<td><div><pre>java.lang.AssertionError: FAIL: Password length not restricted (High severity)
	at DemoBlazeProject.LoginModuleTest.PasswordLengthLimit(LoginModuleTest.java:105)
	at java.base/java.util.ArrayList.forEach(ArrayList.java:1596)
... Removed 26 stack frames</pre></div><a href='#' onClick='toggleBox("stack-trace712874817", this, "Click to show all stack frames", "Click to hide stack frames")'>Click to show all stack frames</a>
<div class='stack-trace' id='stack-trace712874817'><pre>java.lang.AssertionError: FAIL: Password length not restricted (High severity)
	at org.testng.Assert.fail(Assert.java:111)
	at DemoBlazeProject.LoginModuleTest.PasswordLengthLimit(LoginModuleTest.java:105)
	at java.base/jdk.internal.reflect.DirectMethodHandleAccessor.invoke(DirectMethodHandleAccessor.java:103)
	at java.base/java.lang.reflect.Method.invoke(Method.java:580)
	at org.testng.internal.invokers.MethodInvocationHelper.invokeMethod(MethodInvocationHelper.java:141)
	at org.testng.internal.invokers.TestInvoker.invokeMethod(TestInvoker.java:687)
	at org.testng.internal.invokers.TestInvoker.invokeTestMethod(TestInvoker.java:230)
	at org.testng.internal.invokers.MethodRunner.runInSequence(MethodRunner.java:63)
	at org.testng.internal.invokers.TestInvoker$MethodInvocationAgent.invoke(TestInvoker.java:995)
	at org.testng.internal.invokers.TestInvoker.invokeTestMethods(TestInvoker.java:203)
	at org.testng.internal.invokers.TestMethodWorker.invokeTestMethods(TestMethodWorker.java:154)
	at org.testng.internal.invokers.TestMethodWorker.run(TestMethodWorker.java:134)
	at java.base/java.util.ArrayList.forEach(ArrayList.java:1596)
	at org.testng.TestRunner.privateRun(TestRunner.java:741)
	at org.testng.TestRunner.run(TestRunner.java:616)
	at org.testng.SuiteRunner.runTest(SuiteRunner.java:421)
	at org.testng.SuiteRunner.runSequentially(SuiteRunner.java:413)
	at org.testng.SuiteRunner.privateRun(SuiteRunner.java:373)
	at org.testng.SuiteRunner.run(SuiteRunner.java:312)
	at org.testng.SuiteRunnerWorker.runSuite(SuiteRunnerWorker.java:52)
	at org.testng.SuiteRunnerWorker.run(SuiteRunnerWorker.java:95)
	at org.testng.TestNG.runSuitesSequentially(TestNG.java:1274)
	at org.testng.TestNG.runSuitesLocally(TestNG.java:1208)
	at org.testng.TestNG.runSuites(TestNG.java:1112)
	at org.testng.TestNG.run(TestNG.java:1079)
	at org.testng.remote.AbstractRemoteTestNG.run(AbstractRemoteTestNG.java:115)
	at org.testng.remote.RemoteTestNG.initAndRun(RemoteTestNG.java:293)
	at org.testng.remote.RemoteTestNG.main(RemoteTestNG.java:91)
</pre></div></td>
<td>0</td>
<td>DemoBlazeProject.LoginModuleTest@45c7e403</td></tr>
<tr>
<td title='DemoBlazeProject.PlaceOrderTest.mobileViewPurchaseModalIssue()'><b>mobileViewPurchaseModalIssue</b><br>Test class: DemoBlazeProject.PlaceOrderTest</td>
<td><div><pre>org.openqa.selenium.ElementClickInterceptedException: element click intercepted: Element &lt;button type=&quot;button&quot; class=&quot;btn btn-success&quot; data-toggle=&quot;modal&quot; data-target=&quot;#orderModal&quot;&gt;...&lt;/button&gt; is not clickable at point (59, 259). Other element would receive the click: &lt;label for=&quot;card&quot; class=&quot;form-control-label&quot;&gt;...&lt;/label&gt;
  (Session info: chrome=143.0.7499.169)
Build info: version: &apos;4.38.0&apos;, revision: &apos;6b412e825c*&apos;
System info: os.name: &apos;Windows 11&apos;, os.arch: &apos;amd64&apos;, os.version: &apos;10.0&apos;, java.version: &apos;21.0.8&apos;
Driver info: org.openqa.selenium.chrome.ChromeDriver
Command: [2106aede8dc00e6831dd624aee9cc447, clickElement {id=f.C18F905B0F05830F74BFF0735C4CFC35.d.05544F0069D0504D87C6ABB29032FC73.e.309}]
Capabilities {acceptInsecureCerts: false, browserName: chrome, browserVersion: 143.0.7499.169, chrome: {chromedriverVersion: 143.0.7499.169 (164b20aab62..., userDataDir: C:\Users\chris\AppData\Loca...}, fedcm:accounts: true, goog:chromeOptions: {debuggerAddress: localhost:58870}, goog:processID: 45896, networkConnectionEnabled: false, pageLoadStrategy: normal, platformName: windows, proxy: Proxy(), se:cdp: ws://localhost:58870/devtoo..., se:cdpVersion: 143.0.7499.169, setWindowRect: true, strictFileInteractability: false, timeouts: {implicit: 0, pageLoad: 300000, script: 30000}, unhandledPromptBehavior: dismiss and notify, webauthn:extension:credBlob: true, webauthn:extension:largeBlob: true, webauthn:extension:minPinLength: true, webauthn:extension:prf: true, webauthn:virtualAuthenticators: true}
Element: [[ChromeDriver: chrome on windows (2106aede8dc00e6831dd624aee9cc447)] -&gt; xpath: //button[text()=&apos;Place Order&apos;]]
Session ID: 2106aede8dc00e6831dd624aee9cc447
	at org.openqa.selenium.remote.ErrorCodec.decode(ErrorCodec.java:167)
	at org.openqa.selenium.remote.codec.w3c.W3CHttpResponseCodec.decode(W3CHttpResponseCodec.java:138)
	at org.openqa.selenium.remote.codec.w3c.W3CHttpResponseCodec.decode(W3CHttpResponseCodec.java:50)
	at org.openqa.selenium.remote.HttpCommandExecutor.execute(HttpCommandExecutor.java:215)
	at org.openqa.selenium.remote.service.DriverCommandExecutor.invokeExecute(DriverCommandExecutor.java:216)
	at org.openqa.selenium.remote.service.DriverCommandExecutor.execute(DriverCommandExecutor.java:174)
	at org.openqa.selenium.remote.RemoteWebDriver.execute(RemoteWebDriver.java:557)
	at org.openqa.selenium.remote.RemoteWebElement.execute(RemoteWebElement.java:223)
	at org.openqa.selenium.remote.RemoteWebElement.click(RemoteWebElement.java:76)
	at DemoBlazeProject.PlaceOrderTest.mobileViewPurchaseModalIssue(PlaceOrderTest.java:204)
	at java.base/java.util.ArrayList.forEach(ArrayList.java:1596)
... Removed 28 stack frames</pre></div><a href='#' onClick='toggleBox("stack-trace829082549", this, "Click to show all stack frames", "Click to hide stack frames")'>Click to show all stack frames</a>
<div class='stack-trace' id='stack-trace829082549'><pre>org.openqa.selenium.ElementClickInterceptedException: element click intercepted: Element &lt;button type=&quot;button&quot; class=&quot;btn btn-success&quot; data-toggle=&quot;modal&quot; data-target=&quot;#orderModal&quot;&gt;...&lt;/button&gt; is not clickable at point (59, 259). Other element would receive the click: &lt;label for=&quot;card&quot; class=&quot;form-control-label&quot;&gt;...&lt;/label&gt;
  (Session info: chrome=143.0.7499.169)
Build info: version: &apos;4.38.0&apos;, revision: &apos;6b412e825c*&apos;
System info: os.name: &apos;Windows 11&apos;, os.arch: &apos;amd64&apos;, os.version: &apos;10.0&apos;, java.version: &apos;21.0.8&apos;
Driver info: org.openqa.selenium.chrome.ChromeDriver
Command: [2106aede8dc00e6831dd624aee9cc447, clickElement {id=f.C18F905B0F05830F74BFF0735C4CFC35.d.05544F0069D0504D87C6ABB29032FC73.e.309}]
Capabilities {acceptInsecureCerts: false, browserName: chrome, browserVersion: 143.0.7499.169, chrome: {chromedriverVersion: 143.0.7499.169 (164b20aab62..., userDataDir: C:\Users\chris\AppData\Loca...}, fedcm:accounts: true, goog:chromeOptions: {debuggerAddress: localhost:58870}, goog:processID: 45896, networkConnectionEnabled: false, pageLoadStrategy: normal, platformName: windows, proxy: Proxy(), se:cdp: ws://localhost:58870/devtoo..., se:cdpVersion: 143.0.7499.169, setWindowRect: true, strictFileInteractability: false, timeouts: {implicit: 0, pageLoad: 300000, script: 30000}, unhandledPromptBehavior: dismiss and notify, webauthn:extension:credBlob: true, webauthn:extension:largeBlob: true, webauthn:extension:minPinLength: true, webauthn:extension:prf: true, webauthn:virtualAuthenticators: true}
Element: [[ChromeDriver: chrome on windows (2106aede8dc00e6831dd624aee9cc447)] -&gt; xpath: //button[text()=&apos;Place Order&apos;]]
Session ID: 2106aede8dc00e6831dd624aee9cc447
	at java.base/jdk.internal.reflect.DirectConstructorHandleAccessor.newInstance(DirectConstructorHandleAccessor.java:62)
	at java.base/java.lang.reflect.Constructor.newInstanceWithCaller(Constructor.java:502)
	at java.base/java.lang.reflect.Constructor.newInstance(Constructor.java:486)
	at org.openqa.selenium.remote.ErrorCodec.decode(ErrorCodec.java:167)
	at org.openqa.selenium.remote.codec.w3c.W3CHttpResponseCodec.decode(W3CHttpResponseCodec.java:138)
	at org.openqa.selenium.remote.codec.w3c.W3CHttpResponseCodec.decode(W3CHttpResponseCodec.java:50)
	at org.openqa.selenium.remote.HttpCommandExecutor.execute(HttpCommandExecutor.java:215)
	at org.openqa.selenium.remote.service.DriverCommandExecutor.invokeExecute(DriverCommandExecutor.java:216)
	at org.openqa.selenium.remote.service.DriverCommandExecutor.execute(DriverCommandExecutor.java:174)
	at org.openqa.selenium.remote.RemoteWebDriver.execute(RemoteWebDriver.java:557)
	at org.openqa.selenium.remote.RemoteWebElement.execute(RemoteWebElement.java:223)
	at org.openqa.selenium.remote.RemoteWebElement.click(RemoteWebElement.java:76)
	at DemoBlazeProject.PlaceOrderTest.mobileViewPurchaseModalIssue(PlaceOrderTest.java:204)
	at java.base/jdk.internal.reflect.DirectMethodHandleAccessor.invoke(DirectMethodHandleAccessor.java:103)
	at java.base/java.lang.reflect.Method.invoke(Method.java:580)
	at org.testng.internal.invokers.MethodInvocationHelper.invokeMethod(MethodInvocationHelper.java:141)
	at org.testng.internal.invokers.TestInvoker.invokeMethod(TestInvoker.java:687)
	at org.testng.internal.invokers.TestInvoker.invokeTestMethod(TestInvoker.java:230)
	at org.testng.internal.invokers.MethodRunner.runInSequence(MethodRunner.java:63)
	at org.testng.internal.invokers.TestInvoker$MethodInvocationAgent.invoke(TestInvoker.java:995)
	at org.testng.internal.invokers.TestInvoker.invokeTestMethods(TestInvoker.java:203)
	at org.testng.internal.invokers.TestMethodWorker.invokeTestMethods(TestMethodWorker.java:154)
	at org.testng.internal.invokers.TestMethodWorker.run(TestMethodWorker.java:134)
	at java.base/java.util.ArrayList.forEach(ArrayList.java:1596)
	at org.testng.TestRunner.privateRun(TestRunner.java:741)
	at org.testng.TestRunner.run(TestRunner.java:616)
	at org.testng.SuiteRunner.runTest(SuiteRunner.java:421)
	at org.testng.SuiteRunner.runSequentially(SuiteRunner.java:413)
	at org.testng.SuiteRunner.privateRun(SuiteRunner.java:373)
	at org.testng.SuiteRunner.run(SuiteRunner.java:312)
	at org.testng.SuiteRunnerWorker.runSuite(SuiteRunnerWorker.java:52)
	at org.testng.SuiteRunnerWorker.run(SuiteRunnerWorker.java:95)
	at org.testng.TestNG.runSuitesSequentially(TestNG.java:1274)
	at org.testng.TestNG.runSuitesLocally(TestNG.java:1208)
	at org.testng.TestNG.runSuites(TestNG.java:1112)
	at org.testng.TestNG.run(TestNG.java:1079)
	at org.testng.remote.AbstractRemoteTestNG.run(AbstractRemoteTestNG.java:115)
	at org.testng.remote.RemoteTestNG.initAndRun(RemoteTestNG.java:293)
	at org.testng.remote.RemoteTestNG.main(RemoteTestNG.java:91)
</pre></div></td>
<td>1</td>
<td>DemoBlazeProject.PlaceOrderTest@b3ca52e</td></tr>
<tr>
<td title='DemoBlazeProject.LoginModuleTest.UsernameFieldValidation()'><b>UsernameFieldValidation</b><br>Test class: DemoBlazeProject.LoginModuleTest</td>
<td><div><pre>java.lang.AssertionError: FAIL: Username accepts invalid characters  No input validation
	at DemoBlazeProject.LoginModuleTest.UsernameFieldValidation(LoginModuleTest.java:82)
	at java.base/java.util.ArrayList.forEach(ArrayList.java:1596)
... Removed 26 stack frames</pre></div><a href='#' onClick='toggleBox("stack-trace1759328722", this, "Click to show all stack frames", "Click to hide stack frames")'>Click to show all stack frames</a>
<div class='stack-trace' id='stack-trace1759328722'><pre>java.lang.AssertionError: FAIL: Username accepts invalid characters  No input validation
	at org.testng.Assert.fail(Assert.java:111)
	at DemoBlazeProject.LoginModuleTest.UsernameFieldValidation(LoginModuleTest.java:82)
	at java.base/jdk.internal.reflect.DirectMethodHandleAccessor.invoke(DirectMethodHandleAccessor.java:103)
	at java.base/java.lang.reflect.Method.invoke(Method.java:580)
	at org.testng.internal.invokers.MethodInvocationHelper.invokeMethod(MethodInvocationHelper.java:141)
	at org.testng.internal.invokers.TestInvoker.invokeMethod(TestInvoker.java:687)
	at org.testng.internal.invokers.TestInvoker.invokeTestMethod(TestInvoker.java:230)
	at org.testng.internal.invokers.MethodRunner.runInSequence(MethodRunner.java:63)
	at org.testng.internal.invokers.TestInvoker$MethodInvocationAgent.invoke(TestInvoker.java:995)
	at org.testng.internal.invokers.TestInvoker.invokeTestMethods(TestInvoker.java:203)
	at org.testng.internal.invokers.TestMethodWorker.invokeTestMethods(TestMethodWorker.java:154)
	at org.testng.internal.invokers.TestMethodWorker.run(TestMethodWorker.java:134)
	at java.base/java.util.ArrayList.forEach(ArrayList.java:1596)
	at org.testng.TestRunner.privateRun(TestRunner.java:741)
	at org.testng.TestRunner.run(TestRunner.java:616)
	at org.testng.SuiteRunner.runTest(SuiteRunner.java:421)
	at org.testng.SuiteRunner.runSequentially(SuiteRunner.java:413)
	at org.testng.SuiteRunner.privateRun(SuiteRunner.java:373)
	at org.testng.SuiteRunner.run(SuiteRunner.java:312)
	at org.testng.SuiteRunnerWorker.runSuite(SuiteRunnerWorker.java:52)
	at org.testng.SuiteRunnerWorker.run(SuiteRunnerWorker.java:95)
	at org.testng.TestNG.runSuitesSequentially(TestNG.java:1274)
	at org.testng.TestNG.runSuitesLocally(TestNG.java:1208)
	at org.testng.TestNG.runSuites(TestNG.java:1112)
	at org.testng.TestNG.run(TestNG.java:1079)
	at org.testng.remote.AbstractRemoteTestNG.run(AbstractRemoteTestNG.java:115)
	at org.testng.remote.RemoteTestNG.initAndRun(RemoteTestNG.java:293)
	at org.testng.remote.RemoteTestNG.main(RemoteTestNG.java:91)
</pre></div></td>
<td>0</td>
<td>DemoBlazeProject.LoginModuleTest@45c7e403</td></tr>
</table><p>
<table width='100%' border='1' class='invocation-passed'>
<tr><td colspan='4' align='center'><b>PASSED TESTS</b></td></tr>
<tr><td><b>Test method</b></td>
<td><b>Attribute(s)</b></td>
<td width="30%"><b>Exception</b></td>
<td width="10%"><b>Time (seconds)</b></td>
<td><b>Instance</b></td>
</tr>
<tr>
<td title='DemoBlazeProject.AddToCartTest.verifyTotalCalculation()'><b>verifyTotalCalculation</b><br>Test class: DemoBlazeProject.AddToCartTest</td>
<td></td>
<td>0</td>
<td>DemoBlazeProject.AddToCartTest@2a5c8d3f</td></tr>
<tr>
<td title='DemoBlazeProject.HomePageTest.verifyPaginationButtons()'><b>verifyPaginationButtons</b><br>Test class: DemoBlazeProject.HomePageTest</td>
<td></td>
<td>0</td>
<td>DemoBlazeProject.HomePageTest@2aceadd4</td></tr>
<tr>
<td title='DemoBlazeProject.PlaceOrderTest.purchaseWithoutMandatoryFields()'><b>purchaseWithoutMandatoryFields</b><br>Test class: DemoBlazeProject.PlaceOrderTest</td>
<td></td>
<td>0</td>
<td>DemoBlazeProject.PlaceOrderTest@b3ca52e</td></tr>
<tr>
<td title='DemoBlazeProject.CartPageTest.addProductToCart()'><b>addProductToCart</b><br>Test class: DemoBlazeProject.CartPageTest</td>
<td></td>
<td>5</td>
<td>DemoBlazeProject.CartPageTest@752325ad</td></tr>
<tr>
<td title='DemoBlazeProject.SignUpModuleTest.duplicateUsernameRegistration()'><b>duplicateUsernameRegistration</b><br>Test class: DemoBlazeProject.SignUpModuleTest</td>
<td></td>
<td>1</td>
<td>DemoBlazeProject.SignUpModuleTest@2925bf5b</td></tr>
<tr>
<td title='DemoBlazeProject.ContactAboutUsTest.aboutUsVideoLoads()'><b>aboutUsVideoLoads</b><br>Test class: DemoBlazeProject.ContactAboutUsTest</td>
<td></td>
<td>0</td>
<td>DemoBlazeProject.ContactAboutUsTest@710f4dc7</td></tr>
<tr>
<td title='DemoBlazeProject.RemoveFromCartTest.verifyEmptyCart()'><b>verifyEmptyCart</b><br>Test class: DemoBlazeProject.RemoveFromCartTest</td>
<td></td>
<td>20</td>
<td>DemoBlazeProject.RemoveFromCartTest@279fedbd</td></tr>
<tr>
<td title='DemoBlazeProject.PlaceOrderTest.addProductToCart()'><b>addProductToCart</b><br>Test class: DemoBlazeProject.PlaceOrderTest</td>
<td></td>
<td>4</td>
<td>DemoBlazeProject.PlaceOrderTest@b3ca52e</td></tr>
<tr>
<td title='DemoBlazeProject.PlaceOrderTest.extractOrderDetails()'><b>extractOrderDetails</b><br>Test class: DemoBlazeProject.PlaceOrderTest</td>
<td></td>
<td>0</td>
<td>DemoBlazeProject.PlaceOrderTest@b3ca52e</td></tr>
<tr>
<td title='DemoBlazeProject.RemoveFromCartTest.verifyTotalAfterRemoval()'><b>verifyTotalAfterRemoval</b><br>Test class: DemoBlazeProject.RemoveFromCartTest</td>
<td></td>
<td>0</td>
<td>DemoBlazeProject.RemoveFromCartTest@279fedbd</td></tr>
<tr>
<td title='DemoBlazeProject.RemoveFromCartTest.verifyContinueShopping()'><b>verifyContinueShopping</b><br>Test class: DemoBlazeProject.RemoveFromCartTest</td>
<td></td>
<td>1</td>
<td>DemoBlazeProject.RemoveFromCartTest@279fedbd</td></tr>
<tr>
<td title='DemoBlazeProject.NavigationRoutingTest.logoNavigationToHome()'><b>logoNavigationToHome</b><br>Test class: DemoBlazeProject.NavigationRoutingTest</td>
<td></td>
<td>0</td>
<td>DemoBlazeProject.NavigationRoutingTest@1ff4931d</td></tr>
<tr>
<td title='DemoBlazeProject.HomePageTest.verifySlidingImage()'><b>verifySlidingImage</b><br>Test class: DemoBlazeProject.HomePageTest</td>
<td></td>
<td>0</td>
<td>DemoBlazeProject.HomePageTest@2aceadd4</td></tr>
<tr>
<td title='DemoBlazeProject.AddToCartTest.verifyAddToCartButtonVisible()'><b>verifyAddToCartButtonVisible</b><br>Test class: DemoBlazeProject.AddToCartTest</td>
<td></td>
<td>1</td>
<td>DemoBlazeProject.AddToCartTest@2a5c8d3f</td></tr>
<tr>
<td title='DemoBlazeProject.LoginModuleTest.LoginModalOpens()'><b>LoginModalOpens</b><br>Test class: DemoBlazeProject.LoginModuleTest</td>
<td></td>
<td>0</td>
<td>DemoBlazeProject.LoginModuleTest@45c7e403</td></tr>
<tr>
<td title='DemoBlazeProject.HomePageTest.verifyCategoriesVisible()'><b>verifyCategoriesVisible</b><br>Test class: DemoBlazeProject.HomePageTest</td>
<td></td>
<td>0</td>
<td>DemoBlazeProject.HomePageTest@2aceadd4</td></tr>
<tr>
<td title='DemoBlazeProject.ProductDetailPageTest.openCategoryAndCaptureListDetails()'><b>openCategoryAndCaptureListDetails</b><br>Test class: DemoBlazeProject.ProductDetailPageTest</td>
<td></td>
<td>1</td>
<td>DemoBlazeProject.ProductDetailPageTest@3a52dba3</td></tr>
<tr>
<td title='DemoBlazeProject.ProductDetailPageTest.verifyProductDescription()'><b>verifyProductDescription</b><br>Test class: DemoBlazeProject.ProductDetailPageTest</td>
<td></td>
<td>0</td>
<td>DemoBlazeProject.ProductDetailPageTest@3a52dba3</td></tr>
<tr>
<td title='DemoBlazeProject.ProductDetailPageTest.verifyProductTitle()'><b>verifyProductTitle</b><br>Test class: DemoBlazeProject.ProductDetailPageTest</td>
<td></td>
<td>0</td>
<td>DemoBlazeProject.ProductDetailPageTest@3a52dba3</td></tr>
<tr>
<td title='DemoBlazeProject.CartPageTest.verifyCartItem()'><b>verifyCartItem</b><br>Test class: DemoBlazeProject.CartPageTest</td>
<td></td>
<td>0</td>
<td>DemoBlazeProject.CartPageTest@752325ad</td></tr>
<tr>
<td title='DemoBlazeProject.HomePageTest.verifyResponsiveLayout()'><b>verifyResponsiveLayout</b><br>Test class: DemoBlazeProject.HomePageTest</td>
<td></td>
<td>2</td>
<td>DemoBlazeProject.HomePageTest@2aceadd4</td></tr>
<tr>
<td title='DemoBlazeProject.CartPageTest.verifyRefreshPersistence()'><b>verifyRefreshPersistence</b><br>Test class: DemoBlazeProject.CartPageTest</td>
<td></td>
<td>21</td>
<td>DemoBlazeProject.CartPageTest@752325ad</td></tr>
<tr>
<td title='DemoBlazeProject.ProductDetailPageTest.verifyProductImage()'><b>verifyProductImage</b><br>Test class: DemoBlazeProject.ProductDetailPageTest</td>
<td></td>
<td>0</td>
<td>DemoBlazeProject.ProductDetailPageTest@3a52dba3</td></tr>
<tr>
<td title='DemoBlazeProject.AddToCartTest.verifyProductInCart()'><b>verifyProductInCart</b><br>Test class: DemoBlazeProject.AddToCartTest</td>
<td></td>
<td>1</td>
<td>DemoBlazeProject.AddToCartTest@2a5c8d3f</td></tr>
<tr>
<td title='DemoBlazeProject.PlaceOrderTest.openCart()'><b>openCart</b><br>Test class: DemoBlazeProject.PlaceOrderTest</td>
<td></td>
<td>1</td>
<td>DemoBlazeProject.PlaceOrderTest@b3ca52e</td></tr>
<tr>
<td title='DemoBlazeProject.SignUpModuleTest.successfulRegistration()'><b>successfulRegistration</b><br>Test class: DemoBlazeProject.SignUpModuleTest</td>
<td></td>
<td>1</td>
<td>DemoBlazeProject.SignUpModuleTest@2925bf5b</td></tr>
<tr>
<td title='DemoBlazeProject.RemoveFromCartTest.addProductsToCart()'><b>addProductsToCart</b><br>Test class: DemoBlazeProject.RemoveFromCartTest</td>
<td></td>
<td>6</td>
<td>DemoBlazeProject.RemoveFromCartTest@279fedbd</td></tr>
<tr>
<td title='DemoBlazeProject.AddToCartTest.openCartPage()'><b>openCartPage</b><br>Test class: DemoBlazeProject.AddToCartTest</td>
<td></td>
<td>1</td>
<td>DemoBlazeProject.AddToCartTest@2a5c8d3f</td></tr>
<tr>
<td title='DemoBlazeProject.RemoveFromCartTest.removeAllItems()'><b>removeAllItems</b><br>Test class: DemoBlazeProject.RemoveFromCartTest</td>
<td></td>
<td>23</td>
<td>DemoBlazeProject.RemoveFromCartTest@279fedbd</td></tr>
<tr>
<td title='DemoBlazeProject.NavigationRoutingTest.urlBasedNavigation()'><b>urlBasedNavigation</b><br>Test class: DemoBlazeProject.NavigationRoutingTest</td>
<td></td>
<td>0</td>
<td>DemoBlazeProject.NavigationRoutingTest@1ff4931d</td></tr>
<tr>
<td title='DemoBlazeProject.PlaceOrderTest.validOrderPlacement()'><b>validOrderPlacement</b><br>Test class: DemoBlazeProject.PlaceOrderTest</td>
<td></td>
<td>1</td>
<td>DemoBlazeProject.PlaceOrderTest@b3ca52e</td></tr>
<tr>
<td title='DemoBlazeProject.PlaceOrderTest.completeOrder()'><b>completeOrder</b><br>Test class: DemoBlazeProject.PlaceOrderTest</td>
<td></td>
<td>21</td>
<td>DemoBlazeProject.PlaceOrderTest@b3ca52e</td></tr>
<tr>
<td title='DemoBlazeProject.ContactAboutUsTest.contactFieldsPresence()'><b>contactFieldsPresence</b><br>Test class: DemoBlazeProject.ContactAboutUsTest</td>
<td></td>
<td>0</td>
<td>DemoBlazeProject.ContactAboutUsTest@710f4dc7</td></tr>
<tr>
<td title='DemoBlazeProject.HomePageTest.verifyHomePageTitle()'><b>verifyHomePageTitle</b><br>Test class: DemoBlazeProject.HomePageTest</td>
<td></td>
<td>0</td>
<td>DemoBlazeProject.HomePageTest@2aceadd4</td></tr>
<tr>
<td title='DemoBlazeProject.ContactAboutUsTest.contactModalOpens()'><b>contactModalOpens</b><br>Test class: DemoBlazeProject.ContactAboutUsTest</td>
<td></td>
<td>0</td>
<td>DemoBlazeProject.ContactAboutUsTest@710f4dc7</td></tr>
<tr>
<td title='DemoBlazeProject.NavigationRoutingTest.headerNavigationCart()'><b>headerNavigationCart</b><br>Test class: DemoBlazeProject.NavigationRoutingTest</td>
<td></td>
<td>2</td>
<td>DemoBlazeProject.NavigationRoutingTest@1ff4931d</td></tr>
<tr>
<td title='DemoBlazeProject.LoginModuleTest.PasswordMasking()'><b>PasswordMasking</b><br>Test class: DemoBlazeProject.LoginModuleTest</td>
<td></td>
<td>0</td>
<td>DemoBlazeProject.LoginModuleTest@45c7e403</td></tr>
<tr>
<td title='DemoBlazeProject.ContactAboutUsTest.sendContactMessage()'><b>sendContactMessage</b><br>Test class: DemoBlazeProject.ContactAboutUsTest</td>
<td></td>
<td>0</td>
<td>DemoBlazeProject.ContactAboutUsTest@710f4dc7</td></tr>
<tr>
<td title='DemoBlazeProject.NavigationRoutingTest.headerNavigationHome()'><b>headerNavigationHome</b><br>Test class: DemoBlazeProject.NavigationRoutingTest</td>
<td></td>
<td>0</td>
<td>DemoBlazeProject.NavigationRoutingTest@1ff4931d</td></tr>
<tr>
<td title='DemoBlazeProject.RemoveFromCartTest.openCart()'><b>openCart</b><br>Test class: DemoBlazeProject.RemoveFromCartTest</td>
<td></td>
<td>1</td>
<td>DemoBlazeProject.RemoveFromCartTest@279fedbd</td></tr>
<tr>
<td title='DemoBlazeProject.AddToCartTest.addSameProductAgain()'><b>addSameProductAgain</b><br>Test class: DemoBlazeProject.AddToCartTest</td>
<td></td>
<td>0</td>
<td>DemoBlazeProject.AddToCartTest@2a5c8d3f</td></tr>
<tr>
<td title='DemoBlazeProject.ProductDetailPageTest.verifyAddToCartButtonVisible()'><b>verifyAddToCartButtonVisible</b><br>Test class: DemoBlazeProject.ProductDetailPageTest</td>
<td></td>
<td>0</td>
<td>DemoBlazeProject.ProductDetailPageTest@3a52dba3</td></tr>
<tr>
<td title='DemoBlazeProject.AddToCartTest.openCategoryAndProduct()'><b>openCategoryAndProduct</b><br>Test class: DemoBlazeProject.AddToCartTest</td>
<td></td>
<td>2</td>
<td>DemoBlazeProject.AddToCartTest@2a5c8d3f</td></tr>
<tr>
<td title='DemoBlazeProject.LoginModuleTest.InvalidLoginAlert()'><b>InvalidLoginAlert</b><br>Test class: DemoBlazeProject.LoginModuleTest</td>
<td></td>
<td>1</td>
<td>DemoBlazeProject.LoginModuleTest@45c7e403</td></tr>
<tr>
<td title='DemoBlazeProject.ProductDetailPageTest.verifyBackNavigation()'><b>verifyBackNavigation</b><br>Test class: DemoBlazeProject.ProductDetailPageTest</td>
<td></td>
<td>0</td>
<td>DemoBlazeProject.ProductDetailPageTest@3a52dba3</td></tr>
<tr>
<td title='DemoBlazeProject.AddToCartTest.addProductToCart()'><b>addProductToCart</b><br>Test class: DemoBlazeProject.AddToCartTest</td>
<td></td>
<td>1</td>
<td>DemoBlazeProject.AddToCartTest@2a5c8d3f</td></tr>
<tr>
<td title='DemoBlazeProject.SignUpModuleTest.signUpModalOpens()'><b>signUpModalOpens</b><br>Test class: DemoBlazeProject.SignUpModuleTest</td>
<td></td>
<td>0</td>
<td>DemoBlazeProject.SignUpModuleTest@2925bf5b</td></tr>
<tr>
<td title='DemoBlazeProject.ContactAboutUsTest.aboutUsModalOpens()'><b>aboutUsModalOpens</b><br>Test class: DemoBlazeProject.ContactAboutUsTest</td>
<td></td>
<td>1</td>
<td>DemoBlazeProject.ContactAboutUsTest@710f4dc7</td></tr>
<tr>
<td title='DemoBlazeProject.ProductDetailPageTest.openProductDetailPage()'><b>openProductDetailPage</b><br>Test class: DemoBlazeProject.ProductDetailPageTest</td>
<td></td>
<td>2</td>
<td>DemoBlazeProject.ProductDetailPageTest@3a52dba3</td></tr>
<tr>
<td title='DemoBlazeProject.CartPageTest.verifyTotalAmount()'><b>verifyTotalAmount</b><br>Test class: DemoBlazeProject.CartPageTest</td>
<td></td>
<td>0</td>
<td>DemoBlazeProject.CartPageTest@752325ad</td></tr>
<tr>
<td title='DemoBlazeProject.PlaceOrderTest.openPlaceOrderModal()'><b>openPlaceOrderModal</b><br>Test class: DemoBlazeProject.PlaceOrderTest</td>
<td></td>
<td>0</td>
<td>DemoBlazeProject.PlaceOrderTest@b3ca52e</td></tr>
<tr>
<td title='DemoBlazeProject.ProductDetailPageTest.verifyProductPrice()'><b>verifyProductPrice</b><br>Test class: DemoBlazeProject.ProductDetailPageTest</td>
<td></td>
<td>0</td>
<td>DemoBlazeProject.ProductDetailPageTest@3a52dba3</td></tr>
<tr>
<td title='DemoBlazeProject.CategoryListPageTest.verifyCategoryListingPages()'><b>verifyCategoryListingPages</b><br>Test class: DemoBlazeProject.CategoryListPageTest</td>
<td></td>
<td>28</td>
<td>DemoBlazeProject.CategoryListPageTest@24aed80c</td></tr>
<tr>
<td title='DemoBlazeProject.HomePageTest.verifyNavigationMenu()'><b>verifyNavigationMenu</b><br>Test class: DemoBlazeProject.HomePageTest</td>
<td></td>
<td>0</td>
<td>DemoBlazeProject.HomePageTest@2aceadd4</td></tr>
<tr>
<td title='DemoBlazeProject.ProductDetailPageTest.verifyAddToCartFunctionality()'><b>verifyAddToCartFunctionality</b><br>Test class: DemoBlazeProject.ProductDetailPageTest</td>
<td></td>
<td>1</td>
<td>DemoBlazeProject.ProductDetailPageTest@3a52dba3</td></tr>
<tr>
<td title='DemoBlazeProject.CartPageTest.verifyDeleteItem()'><b>verifyDeleteItem</b><br>Test class: DemoBlazeProject.CartPageTest</td>
<td></td>
<td>42</td>
<td>DemoBlazeProject.CartPageTest@752325ad</td></tr>
<tr>
<td title='DemoBlazeProject.HomePageTest.verifyProductListLoaded()'><b>verifyProductListLoaded</b><br>Test class: DemoBlazeProject.HomePageTest</td>
<td></td>
<td>0</td>
<td>DemoBlazeProject.HomePageTest@2aceadd4</td></tr>
<tr>
<td title='DemoBlazeProject.RemoveFromCartTest.removeSingleItem()'><b>removeSingleItem</b><br>Test class: DemoBlazeProject.RemoveFromCartTest</td>
<td></td>
<td>3</td>
<td>DemoBlazeProject.RemoveFromCartTest@279fedbd</td></tr>
<tr>
<td title='DemoBlazeProject.CartPageTest.verifyPlaceOrderButton()'><b>verifyPlaceOrderButton</b><br>Test class: DemoBlazeProject.CartPageTest</td>
<td></td>
<td>0</td>
<td>DemoBlazeProject.CartPageTest@752325ad</td></tr>
<tr>
<td title='DemoBlazeProject.SignUpModuleTest.usernamePasswordFieldsPresent()'><b>usernamePasswordFieldsPresent</b><br>Test class: DemoBlazeProject.SignUpModuleTest</td>
<td></td>
<td>0</td>
<td>DemoBlazeProject.SignUpModuleTest@2925bf5b</td></tr>
<tr>
<td title='DemoBlazeProject.NavigationRoutingTest.browserBackNavigation()'><b>browserBackNavigation</b><br>Test class: DemoBlazeProject.NavigationRoutingTest</td>
<td></td>
<td>0</td>
<td>DemoBlazeProject.NavigationRoutingTest@1ff4931d</td></tr>
<tr>
<td title='DemoBlazeProject.CartPageTest.verifyCartColumns()'><b>verifyCartColumns</b><br>Test class: DemoBlazeProject.CartPageTest</td>
<td></td>
<td>20</td>
<td>DemoBlazeProject.CartPageTest@752325ad</td></tr>
<tr>
<td title='DemoBlazeProject.NavigationRoutingTest.browserForwardNavigation()'><b>browserForwardNavigation</b><br>Test class: DemoBlazeProject.NavigationRoutingTest</td>
<td></td>
<td>0</td>
<td>DemoBlazeProject.NavigationRoutingTest@1ff4931d</td></tr>
<tr>
<td title='DemoBlazeProject.SignUpModuleTest.emptySignUpValidation()'><b>emptySignUpValidation</b><br>Test class: DemoBlazeProject.SignUpModuleTest</td>
<td></td>
<td>0</td>
<td>DemoBlazeProject.SignUpModuleTest@2925bf5b</td></tr>
<tr>
<td title='DemoBlazeProject.CartPageTest.openCartPage()'><b>openCartPage</b><br>Test class: DemoBlazeProject.CartPageTest</td>
<td></td>
<td>0</td>
<td>DemoBlazeProject.CartPageTest@752325ad</td></tr>
<tr>
<td title='DemoBlazeProject.NavigationRoutingTest.brokenLinksCheck()'><b>brokenLinksCheck</b><br>Test class: DemoBlazeProject.NavigationRoutingTest</td>
<td></td>
<td>0</td>
<td>DemoBlazeProject.NavigationRoutingTest@1ff4931d</td></tr>
</table><p>
</body>
</html>