<?xml version="1.0" encoding="UTF-8"?>
<!-- Generated by org.testng.reporters.JUnitXMLReporter -->
<testsuite ignored="0" hostname="asus" failures="10" tests="76" name="Test" time="543.438" errors="0" timestamp="2025-12-22T14:24:53 IST">
  <testcase classname="DemoBlazeProject.HomePageTest" name="verifyHomePageTitle" time="0.025"/>
  <testcase classname="DemoBlazeProject.HomePageTest" name="verifyCategoriesVisible" time="0.207"/>
  <testcase classname="DemoBlazeProject.HomePageTest" name="verifyProductListLoaded" time="0.634"/>
  <testcase classname="DemoBlazeProject.HomePageTest" name="verifyPaginationButtons" time="0.055"/>
  <testcase classname="DemoBlazeProject.HomePageTest" name="verifyNavigationMenu" time="0.202"/>
  <testcase classname="DemoBlazeProject.HomePageTest" name="verifySlidingImage" time="0.039"/>
  <testcase classname="DemoBlazeProject.HomePageTest" name="verifyResponsiveLayout" time="2.507"/>
  <testcase classname="DemoBlazeProject.CategoryListPageTest" name="verifyCategoryListingPages" time="28.423"/>
  <testcase classname="DemoBlazeProject.ProductDetailPageTest" name="openCategoryAndCaptureListDetails" time="1.642"/>
  <testcase classname="DemoBlazeProject.ProductDetailPageTest" name="openProductDetailPage" time="2.053"/>
  <testcase classname="DemoBlazeProject.ProductDetailPageTest" name="verifyProductTitle" time="0.042"/>
  <testcase classname="DemoBlazeProject.ProductDetailPageTest" name="verifyProductPrice" time="0.032"/>
  <testcase classname="DemoBlazeProject.ProductDetailPageTest" name="verifyProductDescription" time="0.036"/>
  <testcase classname="DemoBlazeProject.ProductDetailPageTest" name="verifyProductImage" time="0.025"/>
  <testcase classname="DemoBlazeProject.ProductDetailPageTest" name="verifyAddToCartButtonVisible" time="0.026"/>
  <testcase classname="DemoBlazeProject.ProductDetailPageTest" name="verifyAddToCartFunctionality" time="1.145"/>
  <testcase classname="DemoBlazeProject.ProductDetailPageTest" name="verifyBackNavigation" time="0.015"/>
  <testcase classname="DemoBlazeProject.AddToCartTest" name="openCategoryAndProduct" time="2.159"/>
  <testcase classname="DemoBlazeProject.AddToCartTest" name="verifyAddToCartButtonVisible" time="1.234"/>
  <testcase classname="DemoBlazeProject.AddToCartTest" name="addProductToCart" time="1.139"/>
  <testcase classname="DemoBlazeProject.AddToCartTest" name="openCartPage" time="1.032"/>
  <testcase classname="DemoBlazeProject.AddToCartTest" name="verifyProductInCart" time="1.529"/>
  <testcase classname="DemoBlazeProject.AddToCartTest" name="verifyTotalCalculation" time="0.063"/>
  <testcase classname="DemoBlazeProject.AddToCartTest" name="addSameProductAgain" time="0.931"/>
  <testcase classname="DemoBlazeProject.CartPageTest" name="addProductToCart" time="5.191"/>
  <testcase classname="DemoBlazeProject.CartPageTest" name="openCartPage" time="0.96"/>
  <testcase classname="DemoBlazeProject.CartPageTest" name="verifyCartColumns" time="20.001"/>
  <testcase classname="DemoBlazeProject.CartPageTest" name="verifyCartItem" time="0.061"/>
  <testcase classname="DemoBlazeProject.CartPageTest" name="verifyTotalAmount" time="0.043"/>
  <testcase classname="DemoBlazeProject.CartPageTest" name="verifyPlaceOrderButton" time="0.032"/>
  <testcase classname="DemoBlazeProject.CartPageTest" name="verifyDeleteItem" time="42.446"/>
  <testcase classname="DemoBlazeProject.CartPageTest" name="verifyRefreshPersistence" time="21.191"/>
  <testcase classname="DemoBlazeProject.RemoveFromCartTest" name="addProductsToCart" time="6.995"/>
  <testcase classname="DemoBlazeProject.RemoveFromCartTest" name="openCart" time="1.089"/>
  <testcase classname="DemoBlazeProject.RemoveFromCartTest" name="removeSingleItem" time="3.713"/>
  <testcase classname="DemoBlazeProject.RemoveFromCartTest" name="removeAllItems" time="23.311"/>
  <testcase classname="DemoBlazeProject.RemoveFromCartTest" name="verifyTotalAfterRemoval" time="0.031"/>
  <testcase classname="DemoBlazeProject.RemoveFromCartTest" name="verifyEmptyCart" time="20.012"/>
  <testcase classname="DemoBlazeProject.RemoveFromCartTest" name="verifyContinueShopping" time="1.819"/>
  <testcase classname="DemoBlazeProject.PlaceOrderTest" name="addProductToCart" time="4.525"/>
  <testcase classname="DemoBlazeProject.PlaceOrderTest" name="openCart" time="1.058"/>
  <testcase classname="DemoBlazeProject.PlaceOrderTest" name="openPlaceOrderModal" time="0.727"/>
  <testcase classname="DemoBlazeProject.PlaceOrderTest" name="validOrderPlacement" time="1.637"/>
  <testcase classname="DemoBlazeProject.PlaceOrderTest" name="extractOrderDetails" time="0.002"/>
  <testcase classname="DemoBlazeProject.PlaceOrderTest" name="completeOrder" time="21.51"/>
  <testcase classname="DemoBlazeProject.PlaceOrderTest" name="purchaseWithoutMandatoryFields" time="0.848"/>
  <testcase classname="DemoBlazeProject.PlaceOrderTest" name="invalidCreditCardAccepted" time="1.177">
    <failure type="org.openqa.selenium.ElementClickInterceptedException" message="element click intercepted: Element &amp;lt;button type=&amp;quot;button&amp;quot; class=&amp;quot;btn btn-success&amp;quot; data-toggle=&amp;quot;modal&amp;quot; data-target=&amp;quot;#orderModal&amp;quot;&amp;gt;...&amp;lt;/button&amp;gt; is not clickable at point (1093, 151). Other element would receive the click: &amp;lt;div class=&amp;quot;modal fade show&amp;quot; id=&amp;quot;orderModal&amp;quot; tabindex=&amp;quot;-1&amp;quot; role=&amp;quot;dialog&amp;quot; aria-labelledby=&amp;quot;orderModalLabel&amp;quot; style=&amp;quot;display: block;&amp;quot;&amp;gt;...&amp;lt;/div&amp;gt;
  (Session info: chrome=143.0.7499.169)
Build info: version: &amp;apos;4.38.0&amp;apos;, revision: &amp;apos;6b412e825c*&amp;apos;
System info: os.name: &amp;apos;Windows 11&amp;apos;, os.arch: &amp;apos;amd64&amp;apos;, os.version: &amp;apos;10.0&amp;apos;, java.version: &amp;apos;21.0.8&amp;apos;
Driver info: org.openqa.selenium.chrome.ChromeDriver
Command: [2106aede8dc00e6831dd624aee9cc447, clickElement {id=f.C18F905B0F05830F74BFF0735C4CFC35.d.05544F0069D0504D87C6ABB29032FC73.e.309}]
Capabilities {acceptInsecureCerts: false, browserName: chrome, browserVersion: 143.0.7499.169, chrome: {chromedriverVersion: 143.0.7499.169 (164b20aab62..., userDataDir: C:\Users\chris\AppData\Loca...}, fedcm:accounts: true, goog:chromeOptions: {debuggerAddress: localhost:58870}, goog:processID: 45896, networkConnectionEnabled: false, pageLoadStrategy: normal, platformName: windows, proxy: Proxy(), se:cdp: ws://localhost:58870/devtoo..., se:cdpVersion: 143.0.7499.169, setWindowRect: true, strictFileInteractability: false, timeouts: {implicit: 0, pageLoad: 300000, script: 30000}, unhandledPromptBehavior: dismiss and notify, webauthn:extension:credBlob: true, webauthn:extension:largeBlob: true, webauthn:extension:minPinLength: true, webauthn:extension:prf: true, webauthn:virtualAuthenticators: true}
Element: [[ChromeDriver: chrome on windows (2106aede8dc00e6831dd624aee9cc447)] -&amp;gt; xpath: //button[text()=&amp;apos;Place Order&amp;apos;]]
Session ID: 2106aede8dc00e6831dd624aee9cc447">
      <![CDATA[org.openqa.selenium.ElementClickInterceptedException: element click intercepted: Element <button type="button" class="btn btn-success" data-toggle="modal" data-target="#orderModal">...</button> is not clickable at point (1093, 151). Other element would receive the click: <div class="modal fade show" id="orderModal" tabindex="-1" role="dialog" aria-labelledby="orderModalLabel" style="display: block;">...</div>
  (Session info: chrome=143.0.7499.169)
Build info: version: '4.38.0', revision: '6b412e825c*'
System info: os.name: 'Windows 11', os.arch: 'amd64', os.version: '10.0', java.version: '21.0.8'
Driver info: org.openqa.selenium.chrome.ChromeDriver
Command: [2106aede8dc00e6831dd624aee9cc447, clickElement {id=f.C18F905B0F05830F74BFF0735C4CFC35.d.05544F0069D0504D87C6ABB29032FC73.e.309}]
Capabilities {acceptInsecureCerts: false, browserName: chrome, browserVersion: 143.0.7499.169, chrome: {chromedriverVersion: 143.0.7499.169 (164b20aab62..., userDataDir: C:\Users\chris\AppData\Loca...}, fedcm:accounts: true, goog:chromeOptions: {debuggerAddress: localhost:58870}, goog:processID: 45896, networkConnectionEnabled: false, pageLoadStrategy: normal, platformName: windows, proxy: Proxy(), se:cdp: ws://localhost:58870/devtoo..., se:cdpVersion: 143.0.7499.169, setWindowRect: true, strictFileInteractability: false, timeouts: {implicit: 0, pageLoad: 300000, script: 30000}, unhandledPromptBehavior: dismiss and notify, webauthn:extension:credBlob: true, webauthn:extension:largeBlob: true, webauthn:extension:minPinLength: true, webauthn:extension:prf: true, webauthn:virtualAuthenticators: true}
Element: [[ChromeDriver: chrome on windows (2106aede8dc00e6831dd624aee9cc447)] -> xpath: //button[text()='Place Order']]
Session ID: 2106aede8dc00e6831dd624aee9cc447
at org.openqa.selenium.remote.ErrorCodec.decode(ErrorCodec.java:167)
at org.openqa.selenium.remote.codec.w3c.W3CHttpResponseCodec.decode(W3CHttpResponseCodec.java:138)
at org.openqa.selenium.remote.codec.w3c.W3CHttpResponseCodec.decode(W3CHttpResponseCodec.java:50)
at org.openqa.selenium.remote.HttpCommandExecutor.execute(HttpCommandExecutor.java:215)
at org.openqa.selenium.remote.service.DriverCommandExecutor.invokeExecute(DriverCommandExecutor.java:216)
at org.openqa.selenium.remote.service.DriverCommandExecutor.execute(DriverCommandExecutor.java:174)
at org.openqa.selenium.remote.RemoteWebDriver.execute(RemoteWebDriver.java:557)
at org.openqa.selenium.remote.RemoteWebElement.execute(RemoteWebElement.java:223)
at org.openqa.selenium.remote.RemoteWebElement.click(RemoteWebElement.java:76)
at DemoBlazeProject.PlaceOrderTest.invalidCreditCardAccepted(PlaceOrderTest.java:158)
at java.base/java.util.ArrayList.forEach(ArrayList.java:1596)
... Removed 28 stack frames]]>
    </failure>
  </testcase> <!-- invalidCreditCardAccepted -->
  <testcase classname="DemoBlazeProject.PlaceOrderTest" name="multipleOrdersOnRapidClicks" time="1.145">
    <failure type="org.openqa.selenium.ElementClickInterceptedException" message="element click intercepted: Element &amp;lt;button type=&amp;quot;button&amp;quot; class=&amp;quot;btn btn-success&amp;quot; data-toggle=&amp;quot;modal&amp;quot; data-target=&amp;quot;#orderModal&amp;quot;&amp;gt;...&amp;lt;/button&amp;gt; is not clickable at point (1093, 151). Other element would receive the click: &amp;lt;div class=&amp;quot;modal fade show&amp;quot; id=&amp;quot;orderModal&amp;quot; tabindex=&amp;quot;-1&amp;quot; role=&amp;quot;dialog&amp;quot; aria-labelledby=&amp;quot;orderModalLabel&amp;quot; style=&amp;quot;display: block;&amp;quot;&amp;gt;...&amp;lt;/div&amp;gt;
  (Session info: chrome=143.0.7499.169)
Build info: version: &amp;apos;4.38.0&amp;apos;, revision: &amp;apos;6b412e825c*&amp;apos;
System info: os.name: &amp;apos;Windows 11&amp;apos;, os.arch: &amp;apos;amd64&amp;apos;, os.version: &amp;apos;10.0&amp;apos;, java.version: &amp;apos;21.0.8&amp;apos;
Driver info: org.openqa.selenium.chrome.ChromeDriver
Command: [2106aede8dc00e6831dd624aee9cc447, clickElement {id=f.C18F905B0F05830F74BFF0735C4CFC35.d.05544F0069D0504D87C6ABB29032FC73.e.309}]
Capabilities {acceptInsecureCerts: false, browserName: chrome, browserVersion: 143.0.7499.169, chrome: {chromedriverVersion: 143.0.7499.169 (164b20aab62..., userDataDir: C:\Users\chris\AppData\Loca...}, fedcm:accounts: true, goog:chromeOptions: {debuggerAddress: localhost:58870}, goog:processID: 45896, networkConnectionEnabled: false, pageLoadStrategy: normal, platformName: windows, proxy: Proxy(), se:cdp: ws://localhost:58870/devtoo..., se:cdpVersion: 143.0.7499.169, setWindowRect: true, strictFileInteractability: false, timeouts: {implicit: 0, pageLoad: 300000, script: 30000}, unhandledPromptBehavior: dismiss and notify, webauthn:extension:credBlob: true, webauthn:extension:largeBlob: true, webauthn:extension:minPinLength: true, webauthn:extension:prf: true, webauthn:virtualAuthenticators: true}
Element: [[ChromeDriver: chrome on windows (2106aede8dc00e6831dd624aee9cc447)] -&amp;gt; xpath: //button[text()=&amp;apos;Place Order&amp;apos;]]
Session ID: 2106aede8dc00e6831dd624aee9cc447">
      <![CDATA[org.openqa.selenium.ElementClickInterceptedException: element click intercepted: Element <button type="button" class="btn btn-success" data-toggle="modal" data-target="#orderModal">...</button> is not clickable at point (1093, 151). Other element would receive the click: <div class="modal fade show" id="orderModal" tabindex="-1" role="dialog" aria-labelledby="orderModalLabel" style="display: block;">...</div>
  (Session info: chrome=143.0.7499.169)
Build info: version: '4.38.0', revision: '6b412e825c*'
System info: os.name: 'Windows 11', os.arch: 'amd64', os.version: '10.0', java.version: '21.0.8'
Driver info: org.openqa.selenium.chrome.ChromeDriver
Command: [2106aede8dc00e6831dd624aee9cc447, clickElement {id=f.C18F905B0F05830F74BFF0735C4CFC35.d.05544F0069D0504D87C6ABB29032FC73.e.309}]
Capabilities {acceptInsecureCerts: false, browserName: chrome, browserVersion: 143.0.7499.169, chrome: {chromedriverVersion: 143.0.7499.169 (164b20aab62..., userDataDir: C:\Users\chris\AppData\Loca...}, fedcm:accounts: true, goog:chromeOptions: {debuggerAddress: localhost:58870}, goog:processID: 45896, networkConnectionEnabled: false, pageLoadStrategy: normal, platformName: windows, proxy: Proxy(), se:cdp: ws://localhost:58870/devtoo..., se:cdpVersion: 143.0.7499.169, setWindowRect: true, strictFileInteractability: false, timeouts: {implicit: 0, pageLoad: 300000, script: 30000}, unhandledPromptBehavior: dismiss and notify, webauthn:extension:credBlob: true, webauthn:extension:largeBlob: true, webauthn:extension:minPinLength: true, webauthn:extension:prf: true, webauthn:virtualAuthenticators: true}
Element: [[ChromeDriver: chrome on windows (2106aede8dc00e6831dd624aee9cc447)] -> xpath: //button[text()='Place Order']]
Session ID: 2106aede8dc00e6831dd624aee9cc447
at org.openqa.selenium.remote.ErrorCodec.decode(ErrorCodec.java:167)
at org.openqa.selenium.remote.codec.w3c.W3CHttpResponseCodec.decode(W3CHttpResponseCodec.java:138)
at org.openqa.selenium.remote.codec.w3c.W3CHttpResponseCodec.decode(W3CHttpResponseCodec.java:50)
at org.openqa.selenium.remote.HttpCommandExecutor.execute(HttpCommandExecutor.java:215)
at org.openqa.selenium.remote.service.DriverCommandExecutor.invokeExecute(DriverCommandExecutor.java:216)
at org.openqa.selenium.remote.service.DriverCommandExecutor.execute(DriverCommandExecutor.java:174)
at org.openqa.selenium.remote.RemoteWebDriver.execute(RemoteWebDriver.java:557)
at org.openqa.selenium.remote.RemoteWebElement.execute(RemoteWebElement.java:223)
at org.openqa.selenium.remote.RemoteWebElement.click(RemoteWebElement.java:76)
at DemoBlazeProject.PlaceOrderTest.multipleOrdersOnRapidClicks(PlaceOrderTest.java:178)
at java.base/java.util.ArrayList.forEach(ArrayList.java:1596)
... Removed 28 stack frames]]>
    </failure>
  </testcase> <!-- multipleOrdersOnRapidClicks -->
  <testcase classname="DemoBlazeProject.PlaceOrderTest" name="mobileViewPurchaseModalIssue" time="1.903">
    <failure type="org.openqa.selenium.ElementClickInterceptedException" message="element click intercepted: Element &amp;lt;button type=&amp;quot;button&amp;quot; class=&amp;quot;btn btn-success&amp;quot; data-toggle=&amp;quot;modal&amp;quot; data-target=&amp;quot;#orderModal&amp;quot;&amp;gt;...&amp;lt;/button&amp;gt; is not clickable at point (59, 259). Other element would receive the click: &amp;lt;label for=&amp;quot;card&amp;quot; class=&amp;quot;form-control-label&amp;quot;&amp;gt;...&amp;lt;/label&amp;gt;
  (Session info: chrome=143.0.7499.169)
Build info: version: &amp;apos;4.38.0&amp;apos;, revision: &amp;apos;6b412e825c*&amp;apos;
System info: os.name: &amp;apos;Windows 11&amp;apos;, os.arch: &amp;apos;amd64&amp;apos;, os.version: &amp;apos;10.0&amp;apos;, java.version: &amp;apos;21.0.8&amp;apos;
Driver info: org.openqa.selenium.chrome.ChromeDriver
Command: [2106aede8dc00e6831dd624aee9cc447, clickElement {id=f.C18F905B0F05830F74BFF0735C4CFC35.d.05544F0069D0504D87C6ABB29032FC73.e.309}]
Capabilities {acceptInsecureCerts: false, browserName: chrome, browserVersion: 143.0.7499.169, chrome: {chromedriverVersion: 143.0.7499.169 (164b20aab62..., userDataDir: C:\Users\chris\AppData\Loca...}, fedcm:accounts: true, goog:chromeOptions: {debuggerAddress: localhost:58870}, goog:processID: 45896, networkConnectionEnabled: false, pageLoadStrategy: normal, platformName: windows, proxy: Proxy(), se:cdp: ws://localhost:58870/devtoo..., se:cdpVersion: 143.0.7499.169, setWindowRect: true, strictFileInteractability: false, timeouts: {implicit: 0, pageLoad: 300000, script: 30000}, unhandledPromptBehavior: dismiss and notify, webauthn:extension:credBlob: true, webauthn:extension:largeBlob: true, webauthn:extension:minPinLength: true, webauthn:extension:prf: true, webauthn:virtualAuthenticators: true}
Element: [[ChromeDriver: chrome on windows (2106aede8dc00e6831dd624aee9cc447)] -&amp;gt; xpath: //button[text()=&amp;apos;Place Order&amp;apos;]]
Session ID: 2106aede8dc00e6831dd624aee9cc447">
      <![CDATA[org.openqa.selenium.ElementClickInterceptedException: element click intercepted: Element <button type="button" class="btn btn-success" data-toggle="modal" data-target="#orderModal">...</button> is not clickable at point (59, 259). Other element would receive the click: <label for="card" class="form-control-label">...</label>
  (Session info: chrome=143.0.7499.169)
Build info: version: '4.38.0', revision: '6b412e825c*'
System info: os.name: 'Windows 11', os.arch: 'amd64', os.version: '10.0', java.version: '21.0.8'
Driver info: org.openqa.selenium.chrome.ChromeDriver
Command: [2106aede8dc00e6831dd624aee9cc447, clickElement {id=f.C18F905B0F05830F74BFF0735C4CFC35.d.05544F0069D0504D87C6ABB29032FC73.e.309}]
Capabilities {acceptInsecureCerts: false, browserName: chrome, browserVersion: 143.0.7499.169, chrome: {chromedriverVersion: 143.0.7499.169 (164b20aab62..., userDataDir: C:\Users\chris\AppData\Loca...}, fedcm:accounts: true, goog:chromeOptions: {debuggerAddress: localhost:58870}, goog:processID: 45896, networkConnectionEnabled: false, pageLoadStrategy: normal, platformName: windows, proxy: Proxy(), se:cdp: ws://localhost:58870/devtoo..., se:cdpVersion: 143.0.7499.169, setWindowRect: true, strictFileInteractability: false, timeouts: {implicit: 0, pageLoad: 300000, script: 30000}, unhandledPromptBehavior: dismiss and notify, webauthn:extension:credBlob: true, webauthn:extension:largeBlob: true, webauthn:extension:minPinLength: true, webauthn:extension:prf: true, webauthn:virtualAuthenticators: true}
Element: [[ChromeDriver: chrome on windows (2106aede8dc00e6831dd624aee9cc447)] -> xpath: //button[text()='Place Order']]
Session ID: 2106aede8dc00e6831dd624aee9cc447
at org.openqa.selenium.remote.ErrorCodec.decode(ErrorCodec.java:167)
at org.openqa.selenium.remote.codec.w3c.W3CHttpResponseCodec.decode(W3CHttpResponseCodec.java:138)
at org.openqa.selenium.remote.codec.w3c.W3CHttpResponseCodec.decode(W3CHttpResponseCodec.java:50)
at org.openqa.selenium.remote.HttpCommandExecutor.execute(HttpCommandExecutor.java:215)
at org.openqa.selenium.remote.service.DriverCommandExecutor.invokeExecute(DriverCommandExecutor.java:216)
at org.openqa.selenium.remote.service.DriverCommandExecutor.execute(DriverCommandExecutor.java:174)
at org.openqa.selenium.remote.RemoteWebDriver.execute(RemoteWebDriver.java:557)
at org.openqa.selenium.remote.RemoteWebElement.execute(RemoteWebElement.java:223)
at org.openqa.selenium.remote.RemoteWebElement.click(RemoteWebElement.java:76)
at DemoBlazeProject.PlaceOrderTest.mobileViewPurchaseModalIssue(PlaceOrderTest.java:204)
at java.base/java.util.ArrayList.forEach(ArrayList.java:1596)
... Removed 28 stack frames]]>
    </failure>
  </testcase> <!-- mobileViewPurchaseModalIssue -->
  <testcase classname="DemoBlazeProject.LoginModuleTest" name="LoginModalOpens" time="0.021"/>
  <testcase classname="DemoBlazeProject.LoginModuleTest" name="UsernameFieldValidation" time="0.215">
    <failure type="java.lang.AssertionError" message="FAIL: Username accepts invalid characters → No input validation">
      <![CDATA[java.lang.AssertionError: FAIL: Username accepts invalid characters → No input validation
at DemoBlazeProject.LoginModuleTest.UsernameFieldValidation(LoginModuleTest.java:82)
at java.base/java.util.ArrayList.forEach(ArrayList.java:1596)
... Removed 26 stack frames]]>
    </failure>
  </testcase> <!-- UsernameFieldValidation -->
  <testcase classname="DemoBlazeProject.LoginModuleTest" name="PasswordMasking" time="0.225"/>
  <testcase classname="DemoBlazeProject.LoginModuleTest" name="UsernameLengthLimit" time="0.278">
    <failure type="java.lang.AssertionError" message="FAIL: Username length not restricted (High severity)">
      <![CDATA[java.lang.AssertionError: FAIL: Username length not restricted (High severity)
at DemoBlazeProject.LoginModuleTest.UsernameLengthLimit(LoginModuleTest.java:97)
at java.base/java.util.ArrayList.forEach(ArrayList.java:1596)
... Removed 26 stack frames]]>
    </failure>
  </testcase> <!-- UsernameLengthLimit -->
  <testcase classname="DemoBlazeProject.LoginModuleTest" name="PasswordLengthLimit" time="0.204">
    <failure type="java.lang.AssertionError" message="FAIL: Password length not restricted (High severity)">
      <![CDATA[java.lang.AssertionError: FAIL: Password length not restricted (High severity)
at DemoBlazeProject.LoginModuleTest.PasswordLengthLimit(LoginModuleTest.java:105)
at java.base/java.util.ArrayList.forEach(ArrayList.java:1596)
... Removed 26 stack frames]]>
    </failure>
  </testcase> <!-- PasswordLengthLimit -->
  <testcase classname="DemoBlazeProject.LoginModuleTest" name="SpecialCharactersInUsername" time="1.48">
    <failure type="java.lang.AssertionError" message="FAIL: Login attempted with special characters (Security risk)">
      <![CDATA[java.lang.AssertionError: FAIL: Login attempted with special characters (Security risk)
at DemoBlazeProject.LoginModuleTest.SpecialCharactersInUsername(LoginModuleTest.java:117)
at java.base/java.util.ArrayList.forEach(ArrayList.java:1596)
... Removed 26 stack frames]]>
    </failure>
  </testcase> <!-- SpecialCharactersInUsername -->
  <testcase classname="DemoBlazeProject.LoginModuleTest" name="ValidLogin" time="11.749">
    <failure type="org.openqa.selenium.TimeoutException" message="Expected condition failed: waiting for visibility of element located by By.id: nameofuser (tried for 10 second(s) with 500 milliseconds interval)
Build info: version: &amp;apos;4.38.0&amp;apos;, revision: &amp;apos;6b412e825c*&amp;apos;
System info: os.name: &amp;apos;Windows 11&amp;apos;, os.arch: &amp;apos;amd64&amp;apos;, os.version: &amp;apos;10.0&amp;apos;, java.version: &amp;apos;21.0.8&amp;apos;
Driver info: org.openqa.selenium.chrome.ChromeDriver
Capabilities {acceptInsecureCerts: false, browserName: chrome, browserVersion: 143.0.7499.169, chrome: {chromedriverVersion: 143.0.7499.169 (164b20aab62..., userDataDir: C:\Users\chris\AppData\Loca...}, fedcm:accounts: true, goog:chromeOptions: {debuggerAddress: localhost:62526}, goog:processID: 18268, networkConnectionEnabled: false, pageLoadStrategy: normal, platformName: windows, proxy: Proxy(), se:cdp: ws://localhost:62526/devtoo..., se:cdpVersion: 143.0.7499.169, setWindowRect: true, strictFileInteractability: false, timeouts: {implicit: 0, pageLoad: 300000, script: 30000}, unhandledPromptBehavior: dismiss and notify, webauthn:extension:credBlob: true, webauthn:extension:largeBlob: true, webauthn:extension:minPinLength: true, webauthn:extension:prf: true, webauthn:virtualAuthenticators: true}
Session ID: 3a423078b20d630c5306399386b37845">
      <![CDATA[org.openqa.selenium.TimeoutException: Expected condition failed: waiting for visibility of element located by By.id: nameofuser (tried for 10 second(s) with 500 milliseconds interval)
Build info: version: '4.38.0', revision: '6b412e825c*'
System info: os.name: 'Windows 11', os.arch: 'amd64', os.version: '10.0', java.version: '21.0.8'
Driver info: org.openqa.selenium.chrome.ChromeDriver
Capabilities {acceptInsecureCerts: false, browserName: chrome, browserVersion: 143.0.7499.169, chrome: {chromedriverVersion: 143.0.7499.169 (164b20aab62..., userDataDir: C:\Users\chris\AppData\Loca...}, fedcm:accounts: true, goog:chromeOptions: {debuggerAddress: localhost:62526}, goog:processID: 18268, networkConnectionEnabled: false, pageLoadStrategy: normal, platformName: windows, proxy: Proxy(), se:cdp: ws://localhost:62526/devtoo..., se:cdpVersion: 143.0.7499.169, setWindowRect: true, strictFileInteractability: false, timeouts: {implicit: 0, pageLoad: 300000, script: 30000}, unhandledPromptBehavior: dismiss and notify, webauthn:extension:credBlob: true, webauthn:extension:largeBlob: true, webauthn:extension:minPinLength: true, webauthn:extension:prf: true, webauthn:virtualAuthenticators: true}
Session ID: 3a423078b20d630c5306399386b37845
at org.openqa.selenium.support.ui.WebDriverWait.timeoutException(WebDriverWait.java:84)
at org.openqa.selenium.support.ui.FluentWait.until(FluentWait.java:228)
at DemoBlazeProject.LoginModuleTest.ValidLogin(LoginModuleTest.java:130)
at java.base/java.util.ArrayList.forEach(ArrayList.java:1596)
... Removed 25 stack frames]]>
    </failure>
  </testcase> <!-- ValidLogin -->
  <testcase classname="DemoBlazeProject.LoginModuleTest" name="InvalidLoginAlert" time="1.431"/>
  <testcase classname="DemoBlazeProject.LoginModuleTest" name="LoginPersistence" time="11.54">
    <failure type="org.openqa.selenium.TimeoutException" message="Expected condition failed: waiting for visibility of element located by By.id: nameofuser (tried for 10 second(s) with 500 milliseconds interval)
Build info: version: &amp;apos;4.38.0&amp;apos;, revision: &amp;apos;6b412e825c*&amp;apos;
System info: os.name: &amp;apos;Windows 11&amp;apos;, os.arch: &amp;apos;amd64&amp;apos;, os.version: &amp;apos;10.0&amp;apos;, java.version: &amp;apos;21.0.8&amp;apos;
Driver info: org.openqa.selenium.chrome.ChromeDriver
Capabilities {acceptInsecureCerts: false, browserName: chrome, browserVersion: 143.0.7499.169, chrome: {chromedriverVersion: 143.0.7499.169 (164b20aab62..., userDataDir: C:\Users\chris\AppData\Loca...}, fedcm:accounts: true, goog:chromeOptions: {debuggerAddress: localhost:62526}, goog:processID: 18268, networkConnectionEnabled: false, pageLoadStrategy: normal, platformName: windows, proxy: Proxy(), se:cdp: ws://localhost:62526/devtoo..., se:cdpVersion: 143.0.7499.169, setWindowRect: true, strictFileInteractability: false, timeouts: {implicit: 0, pageLoad: 300000, script: 30000}, unhandledPromptBehavior: dismiss and notify, webauthn:extension:credBlob: true, webauthn:extension:largeBlob: true, webauthn:extension:minPinLength: true, webauthn:extension:prf: true, webauthn:virtualAuthenticators: true}
Session ID: 3a423078b20d630c5306399386b37845">
      <![CDATA[org.openqa.selenium.TimeoutException: Expected condition failed: waiting for visibility of element located by By.id: nameofuser (tried for 10 second(s) with 500 milliseconds interval)
Build info: version: '4.38.0', revision: '6b412e825c*'
System info: os.name: 'Windows 11', os.arch: 'amd64', os.version: '10.0', java.version: '21.0.8'
Driver info: org.openqa.selenium.chrome.ChromeDriver
Capabilities {acceptInsecureCerts: false, browserName: chrome, browserVersion: 143.0.7499.169, chrome: {chromedriverVersion: 143.0.7499.169 (164b20aab62..., userDataDir: C:\Users\chris\AppData\Loca...}, fedcm:accounts: true, goog:chromeOptions: {debuggerAddress: localhost:62526}, goog:processID: 18268, networkConnectionEnabled: false, pageLoadStrategy: normal, platformName: windows, proxy: Proxy(), se:cdp: ws://localhost:62526/devtoo..., se:cdpVersion: 143.0.7499.169, setWindowRect: true, strictFileInteractability: false, timeouts: {implicit: 0, pageLoad: 300000, script: 30000}, unhandledPromptBehavior: dismiss and notify, webauthn:extension:credBlob: true, webauthn:extension:largeBlob: true, webauthn:extension:minPinLength: true, webauthn:extension:prf: true, webauthn:virtualAuthenticators: true}
Session ID: 3a423078b20d630c5306399386b37845
at org.openqa.selenium.support.ui.WebDriverWait.timeoutException(WebDriverWait.java:84)
at org.openqa.selenium.support.ui.FluentWait.until(FluentWait.java:228)
at DemoBlazeProject.LoginModuleTest.LoginPersistence(LoginModuleTest.java:158)
at java.base/java.util.ArrayList.forEach(ArrayList.java:1596)
... Removed 25 stack frames]]>
    </failure>
  </testcase> <!-- LoginPersistence -->
  <testcase classname="DemoBlazeProject.LoginModuleTest" name="LogoutVisibility" time="11.504">
    <failure type="org.openqa.selenium.TimeoutException" message="Expected condition failed: waiting for visibility of element located by By.id: logout2 (tried for 10 second(s) with 500 milliseconds interval)
Build info: version: &amp;apos;4.38.0&amp;apos;, revision: &amp;apos;6b412e825c*&amp;apos;
System info: os.name: &amp;apos;Windows 11&amp;apos;, os.arch: &amp;apos;amd64&amp;apos;, os.version: &amp;apos;10.0&amp;apos;, java.version: &amp;apos;21.0.8&amp;apos;
Driver info: org.openqa.selenium.chrome.ChromeDriver
Capabilities {acceptInsecureCerts: false, browserName: chrome, browserVersion: 143.0.7499.169, chrome: {chromedriverVersion: 143.0.7499.169 (164b20aab62..., userDataDir: C:\Users\chris\AppData\Loca...}, fedcm:accounts: true, goog:chromeOptions: {debuggerAddress: localhost:62526}, goog:processID: 18268, networkConnectionEnabled: false, pageLoadStrategy: normal, platformName: windows, proxy: Proxy(), se:cdp: ws://localhost:62526/devtoo..., se:cdpVersion: 143.0.7499.169, setWindowRect: true, strictFileInteractability: false, timeouts: {implicit: 0, pageLoad: 300000, script: 30000}, unhandledPromptBehavior: dismiss and notify, webauthn:extension:credBlob: true, webauthn:extension:largeBlob: true, webauthn:extension:minPinLength: true, webauthn:extension:prf: true, webauthn:virtualAuthenticators: true}
Session ID: 3a423078b20d630c5306399386b37845">
      <![CDATA[org.openqa.selenium.TimeoutException: Expected condition failed: waiting for visibility of element located by By.id: logout2 (tried for 10 second(s) with 500 milliseconds interval)
Build info: version: '4.38.0', revision: '6b412e825c*'
System info: os.name: 'Windows 11', os.arch: 'amd64', os.version: '10.0', java.version: '21.0.8'
Driver info: org.openqa.selenium.chrome.ChromeDriver
Capabilities {acceptInsecureCerts: false, browserName: chrome, browserVersion: 143.0.7499.169, chrome: {chromedriverVersion: 143.0.7499.169 (164b20aab62..., userDataDir: C:\Users\chris\AppData\Loca...}, fedcm:accounts: true, goog:chromeOptions: {debuggerAddress: localhost:62526}, goog:processID: 18268, networkConnectionEnabled: false, pageLoadStrategy: normal, platformName: windows, proxy: Proxy(), se:cdp: ws://localhost:62526/devtoo..., se:cdpVersion: 143.0.7499.169, setWindowRect: true, strictFileInteractability: false, timeouts: {implicit: 0, pageLoad: 300000, script: 30000}, unhandledPromptBehavior: dismiss and notify, webauthn:extension:credBlob: true, webauthn:extension:largeBlob: true, webauthn:extension:minPinLength: true, webauthn:extension:prf: true, webauthn:virtualAuthenticators: true}
Session ID: 3a423078b20d630c5306399386b37845
at org.openqa.selenium.support.ui.WebDriverWait.timeoutException(WebDriverWait.java:84)
at org.openqa.selenium.support.ui.FluentWait.until(FluentWait.java:228)
at DemoBlazeProject.LoginModuleTest.LogoutVisibility(LoginModuleTest.java:172)
at java.base/java.util.ArrayList.forEach(ArrayList.java:1596)
... Removed 25 stack frames]]>
    </failure>
  </testcase> <!-- LogoutVisibility -->
  <testcase classname="DemoBlazeProject.SignUpModuleTest" name="signUpModalOpens" time="0.67"/>
  <testcase classname="DemoBlazeProject.SignUpModuleTest" name="usernamePasswordFieldsPresent" time="0.043"/>
  <testcase classname="DemoBlazeProject.SignUpModuleTest" name="emptySignUpValidation" time="0.151"/>
  <testcase classname="DemoBlazeProject.SignUpModuleTest" name="duplicateUsernameRegistration" time="1.466"/>
  <testcase classname="DemoBlazeProject.SignUpModuleTest" name="successfulRegistration" time="1.411"/>
  <testcase classname="DemoBlazeProject.ContactAboutUsTest" name="contactModalOpens" time="0.788"/>
  <testcase classname="DemoBlazeProject.ContactAboutUsTest" name="contactFieldsPresence" time="0.078"/>
  <testcase classname="DemoBlazeProject.ContactAboutUsTest" name="sendContactMessage" time="0.501"/>
  <testcase classname="DemoBlazeProject.ContactAboutUsTest" name="aboutUsModalOpens" time="1.837"/>
  <testcase classname="DemoBlazeProject.ContactAboutUsTest" name="aboutUsVideoLoads" time="0.018"/>
  <testcase classname="DemoBlazeProject.NavigationRoutingTest" name="headerNavigationHome" time="0.277"/>
  <testcase classname="DemoBlazeProject.NavigationRoutingTest" name="headerNavigationCart" time="2.282"/>
  <testcase classname="DemoBlazeProject.NavigationRoutingTest" name="logoNavigationToHome" time="0.142"/>
  <testcase classname="DemoBlazeProject.NavigationRoutingTest" name="urlBasedNavigation" time="0.082"/>
  <testcase classname="DemoBlazeProject.NavigationRoutingTest" name="browserBackNavigation" time="0.045"/>
  <testcase classname="DemoBlazeProject.NavigationRoutingTest" name="browserForwardNavigation" time="0.031"/>
  <testcase classname="DemoBlazeProject.NavigationRoutingTest" name="brokenLinksCheck" time="0.075"/>
</testsuite> <!-- Test -->
