<?xml version="1.0" encoding="UTF-8"?>
<testng-results ignored="0" total="1" passed="1" failed="0" skipped="0">
  <reporter-output>
  </reporter-output>
  <suite started-at="2025-12-26T20:30:01 IST" name="Default suite" finished-at="2025-12-26T20:30:53 IST" duration-ms="51695">
    <groups>
    </groups>
    <test started-at="2025-12-26T20:30:01 IST" name="Default test" finished-at="2025-12-26T20:30:53 IST" duration-ms="51695">
      <class name="DemoBlazeProject.CategoryListPageTest">
        <test-method is-config="true" signature="launch()[pri:0, instance:DemoBlazeProject.CategoryListPageTest@6a6cb05c]" started-at="2025-12-26T20:30:01 IST" name="launch" finished-at="2025-12-26T20:30:18 IST" duration-ms="16230" status="PASS">
          <reporter-output>
          </reporter-output>
        </test-method> <!-- launch -->
        <test-method signature="verifyCategoryListingPages()[pri:0, instance:DemoBlazeProject.CategoryListPageTest@6a6cb05c]" started-at="2025-12-26T20:30:18 IST" name="verifyCategoryListingPages" finished-at="2025-12-26T20:30:53 IST" duration-ms="34864" status="PASS">
          <reporter-output>
          </reporter-output>
        </test-method> <!-- verifyCategoryListingPages -->
        <test-method is-config="true" signature="close()[pri:0, instance:DemoBlazeProject.CategoryListPageTest@6a6cb05c]" started-at="2025-12-26T20:30:53 IST" name="close" finished-at="2025-12-26T20:30:53 IST" duration-ms="523" status="PASS">
          <reporter-output>
          </reporter-output>
        </test-method> <!-- close -->
      </class> <!-- DemoBlazeProject.CategoryListPageTest -->
    </test> <!-- Default test -->
  </suite> <!-- Default suite -->
</testng-results>
