<?xml version="1.0" encoding="UTF-8"?>
<!-- Generated by org.testng.reporters.JUnitReportReporter -->
<testsuite hostname="asus" failures="0" tests="9" name="DemoBlazeProject.ProductDetailPageTest" time="5.028" errors="0" timestamp="2025-12-22T14:24:54 IST" skipped="0">
  <testcase classname="DemoBlazeProject.ProductDetailPageTest" name="openCategoryAndCaptureListDetails" time="1.642"/>
  <testcase classname="DemoBlazeProject.ProductDetailPageTest" name="openProductDetailPage" time="2.058"/>
  <testcase classname="DemoBlazeProject.ProductDetailPageTest" name="verifyProductTitle" time="0.042"/>
  <testcase classname="DemoBlazeProject.ProductDetailPageTest" name="verifyProductPrice" time="0.034"/>
  <testcase classname="DemoBlazeProject.ProductDetailPageTest" name="verifyProductDescription" time="0.038"/>
  <testcase classname="DemoBlazeProject.ProductDetailPageTest" name="verifyProductImage" time="0.027"/>
  <testcase classname="DemoBlazeProject.ProductDetailPageTest" name="verifyAddToCartButtonVisible" time="0.026"/>
  <testcase classname="DemoBlazeProject.ProductDetailPageTest" name="verifyAddToCartFunctionality" time="1.145"/>
  <testcase classname="DemoBlazeProject.ProductDetailPageTest" name="verifyBackNavigation" time="0.016"/>
</testsuite> <!-- DemoBlazeProject.ProductDetailPageTest -->
