<?xml version="1.0" encoding="UTF-8"?>
<!-- Generated by org.testng.reporters.JUnitReportReporter -->
<testsuite hostname="asus" failures="0" tests="7" name="DemoBlazeProject.RemoveFromCartTest" time="56.970" errors="0" timestamp="2025-12-22T14:24:54 IST" skipped="0">
  <testcase classname="DemoBlazeProject.RemoveFromCartTest" name="addProductsToCart" time="6.995"/>
  <testcase classname="DemoBlazeProject.RemoveFromCartTest" name="openCart" time="1.089"/>
  <testcase classname="DemoBlazeProject.RemoveFromCartTest" name="removeSingleItem" time="3.713"/>
  <testcase classname="DemoBlazeProject.RemoveFromCartTest" name="removeAllItems" time="23.311"/>
  <testcase classname="DemoBlazeProject.RemoveFromCartTest" name="verifyTotalAfterRemoval" time="0.031"/>
  <testcase classname="DemoBlazeProject.RemoveFromCartTest" name="verifyEmptyCart" time="20.012"/>
  <testcase classname="DemoBlazeProject.RemoveFromCartTest" name="verifyContinueShopping" time="1.819"/>
</testsuite> <!-- DemoBlazeProject.RemoveFromCartTest -->
