<?xml version="1.0" encoding="UTF-8"?>
<!-- Generated by org.testng.reporters.JUnitReportReporter -->
<testsuite hostname="asus" failures="0" tests="7" name="DemoBlazeProject.AddToCartTest" time="8.087" errors="0" timestamp="2025-12-22T14:24:54 IST" skipped="0">
  <testcase classname="DemoBlazeProject.AddToCartTest" name="openCategoryAndProduct" time="2.159"/>
  <testcase classname="DemoBlazeProject.AddToCartTest" name="verifyAddToCartButtonVisible" time="1.234"/>
  <testcase classname="DemoBlazeProject.AddToCartTest" name="addProductToCart" time="1.139"/>
  <testcase classname="DemoBlazeProject.AddToCartTest" name="openCartPage" time="1.032"/>
  <testcase classname="DemoBlazeProject.AddToCartTest" name="verifyProductInCart" time="1.529"/>
  <testcase classname="DemoBlazeProject.AddToCartTest" name="verifyTotalCalculation" time="0.063"/>
  <testcase classname="DemoBlazeProject.AddToCartTest" name="addSameProductAgain" time="0.931"/>
</testsuite> <!-- DemoBlazeProject.AddToCartTest -->
