<?xml version="1.0" encoding="UTF-8"?>
<!-- Generated by org.testng.reporters.JUnitReportReporter -->
<testsuite hostname="asus" failures="0" tests="5" name="DemoBlazeProject.ContactAboutUsTest" time="3.222" errors="0" timestamp="2025-12-22T14:24:54 IST" skipped="0">
  <testcase classname="DemoBlazeProject.ContactAboutUsTest" name="contactModalOpens" time="0.788"/>
  <testcase classname="DemoBlazeProject.ContactAboutUsTest" name="contactFieldsPresence" time="0.078"/>
  <testcase classname="DemoBlazeProject.ContactAboutUsTest" name="sendContactMessage" time="0.501"/>
  <testcase classname="DemoBlazeProject.ContactAboutUsTest" name="aboutUsModalOpens" time="1.837"/>
  <testcase classname="DemoBlazeProject.ContactAboutUsTest" name="aboutUsVideoLoads" time="0.018"/>
</testsuite> <!-- DemoBlazeProject.ContactAboutUsTest -->
