<?xml version="1.0" encoding="UTF-8"?>
<!-- Generated by org.testng.reporters.JUnitReportReporter -->
<testsuite hostname="asus" failures="0" tests="5" name="DemoBlazeProject.SignUpModuleTest" time="3.741" errors="0" timestamp="2025-12-22T14:24:54 IST" skipped="0">
  <testcase classname="DemoBlazeProject.SignUpModuleTest" name="signUpModalOpens" time="0.670"/>
  <testcase classname="DemoBlazeProject.SignUpModuleTest" name="usernamePasswordFieldsPresent" time="0.043"/>
  <testcase classname="DemoBlazeProject.SignUpModuleTest" name="emptySignUpValidation" time="0.151"/>
  <testcase classname="DemoBlazeProject.SignUpModuleTest" name="duplicateUsernameRegistration" time="1.466"/>
  <testcase classname="DemoBlazeProject.SignUpModuleTest" name="successfulRegistration" time="1.411"/>
</testsuite> <!-- DemoBlazeProject.SignUpModuleTest -->
