<?xml version="1.0" encoding="UTF-8"?>
<!-- Generated by org.testng.reporters.JUnitReportReporter -->
<testsuite hostname="asus" failures="0" tests="7" name="DemoBlazeProject.HomePageTest" time="3.669" errors="0" timestamp="2025-12-22T14:24:54 IST" skipped="0">
  <testcase classname="DemoBlazeProject.HomePageTest" name="verifyHomePageTitle" time="0.025"/>
  <testcase classname="DemoBlazeProject.HomePageTest" name="verifyCategoriesVisible" time="0.207"/>
  <testcase classname="DemoBlazeProject.HomePageTest" name="verifyProductListLoaded" time="0.634"/>
  <testcase classname="DemoBlazeProject.HomePageTest" name="verifyPaginationButtons" time="0.055"/>
  <testcase classname="DemoBlazeProject.HomePageTest" name="verifyNavigationMenu" time="0.202"/>
  <testcase classname="DemoBlazeProject.HomePageTest" name="verifySlidingImage" time="0.039"/>
  <testcase classname="DemoBlazeProject.HomePageTest" name="verifyResponsiveLayout" time="2.507"/>
</testsuite> <!-- DemoBlazeProject.HomePageTest -->
