<?xml version="1.0" encoding="UTF-8"?>
<!-- Generated by org.testng.reporters.JUnitReportReporter -->
<testsuite hostname="asus" failures="0" tests="8" name="DemoBlazeProject.CartPageTest" time="89.925" errors="0" timestamp="2025-12-22T14:24:54 IST" skipped="0">
  <testcase classname="DemoBlazeProject.CartPageTest" name="addProductToCart" time="5.191"/>
  <testcase classname="DemoBlazeProject.CartPageTest" name="openCartPage" time="0.960"/>
  <testcase classname="DemoBlazeProject.CartPageTest" name="verifyCartColumns" time="20.001"/>
  <testcase classname="DemoBlazeProject.CartPageTest" name="verifyCartItem" time="0.061"/>
  <testcase classname="DemoBlazeProject.CartPageTest" name="verifyTotalAmount" time="0.043"/>
  <testcase classname="DemoBlazeProject.CartPageTest" name="verifyPlaceOrderButton" time="0.032"/>
  <testcase classname="DemoBlazeProject.CartPageTest" name="verifyDeleteItem" time="42.446"/>
  <testcase classname="DemoBlazeProject.CartPageTest" name="verifyRefreshPersistence" time="21.191"/>
</testsuite> <!-- DemoBlazeProject.CartPageTest -->
