<?xml version="1.0" encoding="UTF-8"?>
<!-- Generated by org.testng.reporters.JUnitReportReporter -->
<testsuite hostname="asus" failures="0" tests="7" name="DemoBlazeProject.NavigationRoutingTest" time="2.934" errors="0" timestamp="2025-12-22T14:24:54 IST" skipped="0">
  <testcase classname="DemoBlazeProject.NavigationRoutingTest" name="headerNavigationHome" time="0.277"/>
  <testcase classname="DemoBlazeProject.NavigationRoutingTest" name="headerNavigationCart" time="2.282"/>
  <testcase classname="DemoBlazeProject.NavigationRoutingTest" name="logoNavigationToHome" time="0.142"/>
  <testcase classname="DemoBlazeProject.NavigationRoutingTest" name="urlBasedNavigation" time="0.082"/>
  <testcase classname="DemoBlazeProject.NavigationRoutingTest" name="browserBackNavigation" time="0.045"/>
  <testcase classname="DemoBlazeProject.NavigationRoutingTest" name="browserForwardNavigation" time="0.031"/>
  <testcase classname="DemoBlazeProject.NavigationRoutingTest" name="brokenLinksCheck" time="0.075"/>
</testsuite> <!-- DemoBlazeProject.NavigationRoutingTest -->
